<?xml version="1.0" encoding="UTF-8"?>
<coverage generated="1585733646699" clover="3.2.0">
  <project timestamp="1585733646699" name="All files">
    <metrics statements="465" coveredstatements="275" conditionals="277" coveredconditionals="124" methods="103" coveredmethods="51" elements="845" coveredelements="450" complexity="0" loc="465" ncloc="465" packages="1" files="16" classes="16"/>
    <file name="clip.ts" path="C:\Users\tarni\Desktop\Web_Projects\gallop\packages\gallop\src\clip.ts">
      <metrics statements="65" coveredstatements="48" conditionals="21" coveredconditionals="10" methods="11" coveredmethods="9"/>
      <line num="1" count="5" type="stmt"/>
      <line num="2" count="5" type="stmt"/>
      <line num="4" count="5" type="stmt"/>
      <line num="5" count="5" type="stmt"/>
      <line num="6" count="5" type="stmt"/>
      <line num="7" count="5" type="stmt"/>
      <line num="8" count="5" type="stmt"/>
      <line num="9" count="5" type="stmt"/>
      <line num="11" count="5" type="stmt"/>
      <line num="21" count="5" type="stmt"/>
      <line num="22" count="3" type="stmt"/>
      <line num="29" count="5" type="stmt"/>
      <line num="30" count="3" type="stmt"/>
      <line num="33" count="5" type="stmt"/>
      <line num="34" count="5" type="stmt"/>
      <line num="54" count="5" type="stmt"/>
      <line num="55" count="5" type="stmt"/>
      <line num="57" count="5" type="stmt"/>
      <line num="63" count="5" type="stmt"/>
      <line num="64" count="5" type="stmt"/>
      <line num="65" count="5" type="stmt"/>
      <line num="69" count="0" type="cond" truecount="0" falsecount="2"/>
      <line num="70" count="0" type="stmt"/>
      <line num="72" count="0" type="stmt"/>
      <line num="73" count="0" type="stmt"/>
      <line num="77" count="5" type="stmt"/>
      <line num="78" count="3" type="stmt"/>
      <line num="92" count="3" type="stmt"/>
      <line num="93" count="3" type="stmt"/>
      <line num="94" count="3" type="stmt"/>
      <line num="95" count="3" type="stmt"/>
      <line num="99" count="3" type="stmt"/>
      <line num="104" count="3" type="stmt"/>
      <line num="105" count="3" type="stmt"/>
      <line num="106" count="3" type="stmt"/>
      <line num="107" count="3" type="stmt"/>
      <line num="108" count="1" type="stmt"/>
      <line num="109" count="1" type="stmt"/>
      <line num="111" count="1" type="cond" truecount="1" falsecount="1"/>
      <line num="112" count="0" type="stmt"/>
      <line num="115" count="1" type="cond" truecount="1" falsecount="1"/>
      <line num="116" count="1" type="stmt"/>
      <line num="117" count="1" type="stmt"/>
      <line num="118" count="1" type="stmt"/>
      <line num="119" count="2" type="stmt"/>
      <line num="120" count="2" type="stmt"/>
      <line num="121" count="2" type="cond" truecount="2" falsecount="0"/>
      <line num="126" count="1" type="stmt"/>
      <line num="127" count="1" type="stmt"/>
      <line num="129" count="0" type="stmt"/>
      <line num="135" count="0" type="stmt"/>
      <line num="137" count="1" type="cond" truecount="1" falsecount="1"/>
      <line num="138" count="1" type="stmt"/>
      <line num="145" count="0" type="stmt"/>
      <line num="147" count="1" type="stmt"/>
      <line num="149" count="0" type="stmt"/>
      <line num="155" count="0" type="stmt"/>
      <line num="158" count="1" type="stmt"/>
      <line num="161" count="0" type="cond" truecount="0" falsecount="2"/>
      <line num="162" count="0" type="cond" truecount="0" falsecount="2"/>
      <line num="163" count="0" type="stmt"/>
      <line num="164" count="0" type="stmt"/>
      <line num="165" count="0" type="stmt"/>
      <line num="175" count="0" type="stmt"/>
      <line num="176" count="0" type="stmt"/>
    </file>
    <file name="component.ts" path="C:\Users\tarni\Desktop\Web_Projects\gallop\packages\gallop\src\component.ts">
      <metrics statements="82" coveredstatements="53" conditionals="54" coveredconditionals="21" methods="24" coveredmethods="10"/>
      <line num="1" count="5" type="stmt"/>
      <line num="2" count="5" type="stmt"/>
      <line num="3" count="5" type="stmt"/>
      <line num="4" count="5" type="stmt"/>
      <line num="5" count="5" type="stmt"/>
      <line num="9" count="5" type="stmt"/>
      <line num="11" count="5" type="stmt"/>
      <line num="12" count="0" type="stmt"/>
      <line num="14" count="5" type="stmt"/>
      <line num="16" count="5" type="stmt"/>
      <line num="19" count="2" type="cond" truecount="2" falsecount="0"/>
      <line num="20" count="1" type="stmt"/>
      <line num="22" count="1" type="stmt"/>
      <line num="23" count="1" type="stmt"/>
      <line num="24" count="0" type="stmt"/>
      <line num="25" count="0" type="stmt"/>
      <line num="26" count="0" type="stmt"/>
      <line num="27" count="0" type="stmt"/>
      <line num="28" count="0" type="stmt"/>
      <line num="30" count="0" type="stmt"/>
      <line num="31" count="0" type="stmt"/>
      <line num="37" count="5" type="stmt"/>
      <line num="38" count="1" type="stmt"/>
      <line num="42" count="1" type="stmt"/>
      <line num="48" count="1" type="stmt"/>
      <line num="54" count="1" type="stmt"/>
      <line num="57" count="1" type="stmt"/>
      <line num="58" count="1" type="stmt"/>
      <line num="59" count="1" type="cond" truecount="1" falsecount="1"/>
      <line num="60" count="1" type="stmt"/>
      <line num="61" count="1" type="stmt"/>
      <line num="66" count="1" type="stmt"/>
      <line num="67" count="1" type="cond" truecount="1" falsecount="1"/>
      <line num="68" count="1" type="stmt"/>
      <line num="69" count="1" type="stmt"/>
      <line num="70" count="1" type="stmt"/>
      <line num="71" count="1" type="stmt"/>
      <line num="72" count="1" type="cond" truecount="1" falsecount="1"/>
      <line num="73" count="1" type="stmt"/>
      <line num="76" count="1" type="stmt"/>
      <line num="81" count="2" type="cond" truecount="2" falsecount="0"/>
      <line num="82" count="1" type="stmt"/>
      <line num="84" count="2" type="stmt"/>
      <line num="85" count="2" type="stmt"/>
      <line num="89" count="0" type="stmt"/>
      <line num="90" count="0" type="cond" truecount="0" falsecount="2"/>
      <line num="91" count="0" type="stmt"/>
      <line num="93" count="0" type="stmt"/>
      <line num="95" count="0" type="cond" truecount="0" falsecount="4"/>
      <line num="96" count="0" type="stmt"/>
      <line num="101" count="0" type="stmt"/>
      <line num="102" count="0" type="stmt"/>
      <line num="103" count="0" type="stmt"/>
      <line num="104" count="0" type="cond" truecount="0" falsecount="4"/>
      <line num="106" count="0" type="cond" truecount="0" falsecount="4"/>
      <line num="107" count="0" type="stmt"/>
      <line num="112" count="1" type="cond" truecount="3" falsecount="1"/>
      <line num="113" count="1" type="cond" truecount="1" falsecount="1"/>
      <line num="114" count="1" type="stmt"/>
      <line num="119" count="1" type="stmt"/>
      <line num="124" count="0" type="cond" truecount="0" falsecount="8"/>
      <line num="126" count="0" type="cond" truecount="0" falsecount="4"/>
      <line num="127" count="0" type="stmt"/>
      <line num="129" count="0" type="stmt"/>
      <line num="133" count="0" type="stmt"/>
      <line num="134" count="0" type="stmt"/>
      <line num="135" count="0" type="stmt"/>
      <line num="136" count="0" type="stmt"/>
      <line num="140" count="5" type="stmt"/>
      <line num="142" count="5" type="stmt"/>
      <line num="149" count="2" type="cond" truecount="2" falsecount="0"/>
      <line num="150" count="1" type="stmt"/>
      <line num="153" count="1" type="cond" truecount="1" falsecount="1"/>
      <line num="154" count="0" type="stmt"/>
      <line num="158" count="1" type="cond" truecount="3" falsecount="1"/>
      <line num="160" count="1" type="stmt"/>
      <line num="162" count="1" type="stmt"/>
      <line num="166" count="1" type="stmt"/>
      <line num="167" count="1" type="stmt"/>
      <line num="170" count="5" type="stmt"/>
      <line num="171" count="7" type="stmt"/>
      <line num="172" count="7" type="cond" truecount="3" falsecount="0"/>
    </file>
    <file name="context.ts" path="C:\Users\tarni\Desktop\Web_Projects\gallop\packages\gallop\src\context.ts">
      <metrics statements="12" coveredstatements="7" conditionals="0" coveredconditionals="0" methods="8" coveredmethods="2"/>
      <line num="2" count="4" type="stmt"/>
      <line num="4" count="4" type="stmt"/>
      <line num="7" count="1" type="stmt"/>
      <line num="12" count="1" type="stmt"/>
      <line num="13" count="1" type="stmt"/>
      <line num="17" count="0" type="stmt"/>
      <line num="21" count="0" type="stmt"/>
      <line num="25" count="0" type="stmt"/>
      <line num="29" count="0" type="stmt"/>
      <line num="30" count="0" type="stmt"/>
      <line num="35" count="4" type="stmt"/>
      <line num="36" count="1" type="stmt"/>
    </file>
    <file name="do.ts" path="C:\Users\tarni\Desktop\Web_Projects\gallop\packages\gallop\src\do.ts">
      <metrics statements="2" coveredstatements="2" conditionals="0" coveredconditionals="0" methods="1" coveredmethods="1"/>
      <line num="1" count="5" type="stmt"/>
      <line num="3" count="11" type="stmt"/>
    </file>
    <file name="dom.ts" path="C:\Users\tarni\Desktop\Web_Projects\gallop\packages\gallop\src\dom.ts">
      <metrics statements="9" coveredstatements="9" conditionals="9" coveredconditionals="8" methods="3" coveredmethods="3"/>
      <line num="1" count="6" type="stmt"/>
      <line num="2" count="6" type="stmt"/>
      <line num="10" count="6" type="stmt"/>
      <line num="15" count="2" type="cond" truecount="7" falsecount="1"/>
      <line num="18" count="6" type="stmt"/>
      <line num="23" count="2" type="stmt"/>
      <line num="24" count="20" type="stmt"/>
      <line num="25" count="20" type="stmt"/>
      <line num="26" count="20" type="stmt"/>
    </file>
    <file name="error.ts" path="C:\Users\tarni\Desktop\Web_Projects\gallop\packages\gallop\src\error.ts">
      <metrics statements="8" coveredstatements="6" conditionals="0" coveredconditionals="0" methods="4" coveredmethods="2"/>
      <line num="1" count="7" type="stmt"/>
      <line num="2" count="1" type="stmt"/>
      <line num="6" count="7" type="stmt"/>
      <line num="7" count="0" type="stmt"/>
      <line num="11" count="7" type="stmt"/>
      <line num="12" count="1" type="stmt"/>
      <line num="16" count="7" type="stmt"/>
      <line num="17" count="0" type="stmt"/>
    </file>
    <file name="event.ts" path="C:\Users\tarni\Desktop\Web_Projects\gallop\packages\gallop\src\event.ts">
      <metrics statements="2" coveredstatements="2" conditionals="0" coveredconditionals="0" methods="1" coveredmethods="1"/>
      <line num="1" count="6" type="stmt"/>
      <line num="4" count="1" type="stmt"/>
    </file>
    <file name="hooks.ts" path="C:\Users\tarni\Desktop\Web_Projects\gallop\packages\gallop\src\hooks.ts">
      <metrics statements="40" coveredstatements="7" conditionals="32" coveredconditionals="0" methods="5" coveredmethods="0"/>
      <line num="1" count="5" type="stmt"/>
      <line num="2" count="5" type="stmt"/>
      <line num="3" count="5" type="stmt"/>
      <line num="4" count="5" type="stmt"/>
      <line num="6" count="5" type="stmt"/>
      <line num="7" count="0" type="stmt"/>
      <line num="8" count="0" type="stmt"/>
      <line num="10" count="0" type="stmt"/>
      <line num="18" count="5" type="stmt"/>
      <line num="19" count="0" type="stmt"/>
      <line num="21" count="0" type="stmt"/>
      <line num="23" count="0" type="cond" truecount="0" falsecount="2"/>
      <line num="24" count="0" type="cond" truecount="0" falsecount="2"/>
      <line num="25" count="0" type="stmt"/>
      <line num="27" count="0" type="stmt"/>
      <line num="28" count="0" type="cond" truecount="0" falsecount="2"/>
      <line num="29" count="0" type="cond" truecount="0" falsecount="2"/>
      <line num="30" count="0" type="stmt"/>
      <line num="32" count="0" type="stmt"/>
      <line num="34" count="0" type="stmt"/>
      <line num="35" count="0" type="stmt"/>
      <line num="36" count="0" type="stmt"/>
      <line num="37" count="0" type="cond" truecount="0" falsecount="2"/>
      <line num="38" count="0" type="cond" truecount="0" falsecount="2"/>
      <line num="39" count="0" type="stmt"/>
      <line num="42" count="0" type="cond" truecount="0" falsecount="2"/>
      <line num="43" count="0" type="stmt"/>
      <line num="45" count="0" type="cond" truecount="0" falsecount="2"/>
      <line num="46" count="0" type="stmt"/>
      <line num="49" count="0" type="cond" truecount="0" falsecount="2"/>
      <line num="50" count="0" type="stmt"/>
      <line num="52" count="0" type="stmt"/>
      <line num="55" count="0" type="cond" truecount="0" falsecount="2"/>
      <line num="56" count="0" type="cond" truecount="0" falsecount="2"/>
      <line num="58" count="0" type="stmt"/>
      <line num="62" count="0" type="stmt"/>
      <line num="65" count="5" type="stmt"/>
      <line num="66" count="0" type="stmt"/>
      <line num="67" count="0" type="stmt"/>
      <line num="68" count="0" type="stmt"/>
    </file>
    <file name="index.ts" path="C:\Users\tarni\Desktop\Web_Projects\gallop\packages\gallop\src\index.ts">
      <metrics statements="5" coveredstatements="5" conditionals="0" coveredconditionals="0" methods="0" coveredmethods="0"/>
      <line num="1" count="4" type="stmt"/>
      <line num="2" count="4" type="stmt"/>
      <line num="3" count="4" type="stmt"/>
      <line num="4" count="4" type="stmt"/>
      <line num="5" count="4" type="stmt"/>
    </file>
    <file name="is.ts" path="C:\Users\tarni\Desktop\Web_Projects\gallop\packages\gallop\src\is.ts">
      <metrics statements="8" coveredstatements="8" conditionals="10" coveredconditionals="10" methods="3" coveredmethods="3"/>
      <line num="1" count="7" type="stmt"/>
      <line num="2" count="7" type="stmt"/>
      <line num="5" count="7" type="stmt"/>
      <line num="6" count="7" type="stmt"/>
      <line num="9" count="7" type="stmt"/>
      <line num="10" count="19" type="cond" truecount="6" falsecount="0"/>
      <line num="13" count="7" type="stmt"/>
      <line num="14" count="4" type="stmt"/>
    </file>
    <file name="marker.ts" path="C:\Users\tarni\Desktop\Web_Projects\gallop\packages\gallop\src\marker.ts">
      <metrics statements="2" coveredstatements="2" conditionals="0" coveredconditionals="0" methods="0" coveredmethods="0"/>
      <line num="1" count="7" type="stmt"/>
      <line num="3" count="7" type="stmt"/>
    </file>
    <file name="parse.ts" path="C:\Users\tarni\Desktop\Web_Projects\gallop\packages\gallop\src\parse.ts">
      <metrics statements="3" coveredstatements="3" conditionals="0" coveredconditionals="0" methods="1" coveredmethods="1"/>
      <line num="1" count="5" type="stmt"/>
      <line num="3" count="5" type="stmt"/>
      <line num="4" count="5" type="stmt"/>
    </file>
    <file name="part.ts" path="C:\Users\tarni\Desktop\Web_Projects\gallop\packages\gallop\src\part.ts">
      <metrics statements="105" coveredstatements="22" conditionals="54" coveredconditionals="1" methods="25" coveredmethods="4"/>
      <line num="1" count="5" type="stmt"/>
      <line num="2" count="5" type="stmt"/>
      <line num="3" count="5" type="stmt"/>
      <line num="9" count="5" type="stmt"/>
      <line num="10" count="5" type="stmt"/>
      <line num="11" count="5" type="stmt"/>
      <line num="21" count="5" type="stmt"/>
      <line num="23" count="5" type="stmt"/>
      <line num="25" count="1" type="stmt"/>
      <line num="30" count="1" type="stmt"/>
      <line num="31" count="1" type="stmt"/>
      <line num="32" count="1" type="stmt"/>
      <line num="36" count="1" type="cond" truecount="1" falsecount="1"/>
      <line num="38" count="0" type="stmt"/>
      <line num="40" count="1" type="stmt"/>
      <line num="41" count="1" type="stmt"/>
      <line num="48" count="5" type="stmt"/>
      <line num="50" count="0" type="stmt"/>
      <line num="51" count="0" type="stmt"/>
      <line num="52" count="0" type="stmt"/>
      <line num="53" count="0" type="stmt"/>
      <line num="59" count="0" type="stmt"/>
      <line num="60" count="0" type="stmt"/>
      <line num="64" count="0" type="stmt"/>
      <line num="68" count="0" type="cond" truecount="0" falsecount="2"/>
      <line num="69" count="0" type="stmt"/>
      <line num="70" count="0" type="cond" truecount="0" falsecount="2"/>
      <line num="71" count="0" type="stmt"/>
      <line num="72" count="0" type="stmt"/>
      <line num="73" count="0" type="stmt"/>
      <line num="75" count="0" type="stmt"/>
      <line num="78" count="0" type="stmt"/>
      <line num="79" count="0" type="stmt"/>
      <line num="80" count="0" type="stmt"/>
      <line num="81" count="0" type="stmt"/>
      <line num="82" count="0" type="stmt"/>
      <line num="83" count="0" type="stmt"/>
      <line num="84" count="0" type="stmt"/>
      <line num="89" count="0" type="stmt"/>
      <line num="90" count="0" type="stmt"/>
      <line num="91" count="0" type="stmt"/>
      <line num="92" count="0" type="cond" truecount="0" falsecount="2"/>
      <line num="93" count="0" type="stmt"/>
      <line num="94" count="0" type="stmt"/>
      <line num="95" count="0" type="stmt"/>
      <line num="97" count="0" type="stmt"/>
      <line num="100" count="0" type="stmt"/>
      <line num="101" count="0" type="stmt"/>
      <line num="106" count="0" type="cond" truecount="0" falsecount="2"/>
      <line num="107" count="0" type="stmt"/>
      <line num="108" count="0" type="stmt"/>
      <line num="109" count="0" type="cond" truecount="0" falsecount="2"/>
      <line num="110" count="0" type="stmt"/>
      <line num="111" count="0" type="stmt"/>
      <line num="112" count="0" type="cond" truecount="0" falsecount="2"/>
      <line num="113" count="0" type="stmt"/>
      <line num="114" count="0" type="cond" truecount="0" falsecount="6"/>
      <line num="116" count="0" type="stmt"/>
      <line num="117" count="0" type="cond" truecount="0" falsecount="2"/>
      <line num="119" count="0" type="stmt"/>
      <line num="124" count="0" type="stmt"/>
      <line num="128" count="5" type="stmt"/>
      <line num="130" count="0" type="stmt"/>
      <line num="133" count="0" type="stmt"/>
      <line num="135" count="0" type="cond" truecount="0" falsecount="4"/>
      <line num="136" count="0" type="cond" truecount="0" falsecount="2"/>
      <line num="137" count="0" type="cond" truecount="0" falsecount="6"/>
      <line num="139" count="0" type="stmt"/>
      <line num="141" count="0" type="cond" truecount="0" falsecount="2"/>
      <line num="142" count="0" type="cond" truecount="0" falsecount="2"/>
      <line num="143" count="0" type="stmt"/>
      <line num="145" count="0" type="stmt"/>
      <line num="147" count="0" type="stmt"/>
      <line num="151" count="0" type="stmt"/>
      <line num="152" count="0" type="stmt"/>
      <line num="153" count="0" type="cond" truecount="0" falsecount="2"/>
      <line num="154" count="0" type="stmt"/>
      <line num="165" count="5" type="stmt"/>
      <line num="167" count="0" type="stmt"/>
      <line num="168" count="0" type="stmt"/>
      <line num="170" count="0" type="stmt"/>
      <line num="174" count="0" type="stmt"/>
      <line num="175" count="0" type="stmt"/>
      <line num="176" count="0" type="stmt"/>
      <line num="177" count="0" type="stmt"/>
      <line num="178" count="0" type="stmt"/>
      <line num="184" count="0" type="cond" truecount="0" falsecount="2"/>
      <line num="185" count="0" type="stmt"/>
      <line num="187" count="0" type="stmt"/>
      <line num="189" count="0" type="cond" truecount="0" falsecount="2"/>
      <line num="190" count="0" type="cond" truecount="0" falsecount="2"/>
      <line num="191" count="0" type="stmt"/>
      <line num="193" count="0" type="stmt"/>
      <line num="198" count="0" type="cond" truecount="0" falsecount="2"/>
      <line num="205" count="0" type="stmt"/>
      <line num="206" count="0" type="stmt"/>
      <line num="207" count="0" type="stmt"/>
      <line num="208" count="0" type="stmt"/>
      <line num="209" count="0" type="stmt"/>
      <line num="215" count="0" type="stmt"/>
      <line num="219" count="5" type="stmt"/>
      <line num="221" count="0" type="stmt"/>
      <line num="224" count="1" type="stmt"/>
      <line num="225" count="1" type="stmt"/>
      <line num="229" count="1" type="stmt"/>
    </file>
    <file name="reactive.ts" path="C:\Users\tarni\Desktop\Web_Projects\gallop\packages\gallop\src\reactive.ts">
      <metrics statements="22" coveredstatements="22" conditionals="28" coveredconditionals="26" methods="3" coveredmethods="3"/>
      <line num="1" count="7" type="stmt"/>
      <line num="2" count="7" type="stmt"/>
      <line num="3" count="7" type="stmt"/>
      <line num="5" count="7" type="stmt"/>
      <line num="6" count="7" type="stmt"/>
      <line num="8" count="7" type="stmt"/>
      <line num="23" count="17" type="stmt"/>
      <line num="25" count="7" type="cond" truecount="2" falsecount="0"/>
      <line num="26" count="1" type="cond" truecount="1" falsecount="1"/>
      <line num="27" count="1" type="stmt"/>
      <line num="30" count="6" type="stmt"/>
      <line num="31" count="6" type="stmt"/>
      <line num="32" count="6" type="stmt"/>
      <line num="33" count="6" type="cond" truecount="6" falsecount="0"/>
      <line num="34" count="6" type="stmt"/>
      <line num="37" count="27" type="cond" truecount="2" falsecount="0"/>
      <line num="38" count="4" type="stmt"/>
      <line num="40" count="23" type="cond" truecount="2" falsecount="0"/>
      <line num="41" count="10" type="cond" truecount="4" falsecount="0"/>
      <line num="43" count="13" type="cond" truecount="3" falsecount="1"/>
      <line num="44" count="13" type="stmt"/>
      <line num="45" count="13" type="cond" truecount="3" falsecount="0"/>
    </file>
    <file name="render.ts" path="C:\Users\tarni\Desktop\Web_Projects\gallop\packages\gallop\src\render.ts">
      <metrics statements="5" coveredstatements="5" conditionals="2" coveredconditionals="2" methods="1" coveredmethods="1"/>
      <line num="1" count="4" type="stmt"/>
      <line num="3" count="4" type="stmt"/>
      <line num="8" count="3" type="stmt"/>
      <line num="9" count="3" type="stmt"/>
      <line num="10" count="3" type="stmt"/>
    </file>
    <file name="utils.ts" path="C:\Users\tarni\Desktop\Web_Projects\gallop\packages\gallop\src\utils.ts">
      <metrics statements="95" coveredstatements="74" conditionals="67" coveredconditionals="46" methods="13" coveredmethods="11"/>
      <line num="1" count="7" type="stmt"/>
      <line num="12" count="7" type="stmt"/>
      <line num="13" count="3" type="stmt"/>
      <line num="16" count="7" type="stmt"/>
      <line num="17" count="3" type="cond" truecount="2" falsecount="0"/>
      <line num="20" count="7" type="stmt"/>
      <line num="21" count="0" type="cond" truecount="0" falsecount="4"/>
      <line num="22" count="0" type="cond" truecount="0" falsecount="2"/>
      <line num="23" count="0" type="stmt"/>
      <line num="26" count="7" type="stmt"/>
      <line num="32" count="5" type="stmt"/>
      <line num="34" count="5" type="stmt"/>
      <line num="35" count="5" type="stmt"/>
      <line num="37" count="0" type="stmt"/>
      <line num="38" count="0" type="stmt"/>
      <line num="40" count="0" type="stmt"/>
      <line num="41" count="0" type="stmt"/>
      <line num="43" count="0" type="stmt"/>
      <line num="44" count="0" type="stmt"/>
      <line num="46" count="0" type="stmt"/>
      <line num="47" count="0" type="stmt"/>
      <line num="49" count="0" type="stmt"/>
      <line num="50" count="0" type="stmt"/>
      <line num="52" count="5" type="stmt"/>
      <line num="53" count="5" type="cond" truecount="1" falsecount="1"/>
      <line num="54" count="0" type="stmt"/>
      <line num="57" count="5" type="stmt"/>
      <line num="58" count="5" type="stmt"/>
      <line num="59" count="286" type="cond" truecount="1" falsecount="1"/>
      <line num="60" count="0" type="stmt"/>
      <line num="61" count="286" type="cond" truecount="2" falsecount="0"/>
      <line num="62" count="5" type="stmt"/>
      <line num="65" count="286" type="cond" truecount="2" falsecount="0"/>
      <line num="66" count="5" type="stmt"/>
      <line num="67" count="5" type="stmt"/>
      <line num="78" count="0" type="stmt"/>
      <line num="81" count="7" type="stmt"/>
      <line num="82" count="125" type="stmt"/>
      <line num="85" count="7" type="stmt"/>
      <line num="86" count="125" type="stmt"/>
      <line num="88" count="0" type="stmt"/>
      <line num="90" count="5" type="stmt"/>
      <line num="92" count="2" type="stmt"/>
      <line num="94" count="0" type="stmt"/>
      <line num="96" count="1" type="stmt"/>
      <line num="98" count="6" type="stmt"/>
      <line num="100" count="111" type="stmt"/>
      <line num="104" count="7" type="stmt"/>
      <line num="105" count="5" type="stmt"/>
      <line num="106" count="5" type="stmt"/>
      <line num="107" count="5" type="stmt"/>
      <line num="108" count="5" type="stmt"/>
      <line num="109" count="5" type="stmt"/>
      <line num="110" count="5" type="stmt"/>
      <line num="112" count="5" type="stmt"/>
      <line num="113" count="125" type="stmt"/>
      <line num="114" count="125" type="stmt"/>
      <line num="116" count="125" type="cond" truecount="2" falsecount="0"/>
      <line num="117" count="9" type="stmt"/>
      <line num="118" count="9" type="stmt"/>
      <line num="119" count="116" type="cond" truecount="2" falsecount="0"/>
      <line num="122" count="12" type="stmt"/>
      <line num="125" count="116" type="cond" truecount="2" falsecount="0"/>
      <line num="126" count="37" type="cond" truecount="2" falsecount="0"/>
      <line num="127" count="4" type="stmt"/>
      <line num="128" count="4" type="stmt"/>
      <line num="130" count="33" type="cond" truecount="2" falsecount="0"/>
      <line num="131" count="22" type="stmt"/>
      <line num="132" count="22" type="cond" truecount="4" falsecount="0"/>
      <line num="133" count="8" type="stmt"/>
      <line num="134" count="8" type="stmt"/>
      <line num="135" count="8" type="stmt"/>
      <line num="140" count="5" type="stmt"/>
      <line num="143" count="7" type="stmt"/>
      <line num="144" count="2" type="stmt"/>
      <line num="145" count="5" type="cond" truecount="2" falsecount="0"/>
      <line num="147" count="3" type="stmt"/>
      <line num="148" count="3" type="stmt"/>
      <line num="152" count="7" type="stmt"/>
      <line num="154" count="16" type="stmt"/>
      <line num="157" count="7" type="stmt"/>
      <line num="158" count="16" type="cond" truecount="2" falsecount="0"/>
      <line num="159" count="13" type="cond" truecount="2" falsecount="0"/>
      <line num="165" count="5" type="stmt"/>
      <line num="168" count="8" type="stmt"/>
      <line num="169" count="8" type="stmt"/>
      <line num="171" count="8" type="cond" truecount="1" falsecount="1"/>
      <line num="173" count="8" type="stmt"/>
      <line num="174" count="12" type="cond" truecount="4" falsecount="0"/>
      <line num="175" count="4" type="stmt"/>
      <line num="178" count="4" type="stmt"/>
      <line num="181" count="7" type="stmt"/>
      <line num="182" count="0" type="cond" truecount="0" falsecount="2"/>
      <line num="183" count="0" type="stmt"/>
      <line num="185" count="0" type="stmt"/>
    </file>
  </project>
</coverage>
