{"C:\\Users\\tarni\\Desktop\\Web_Projects\\gallop\\packages\\gallop\\src\\clip.ts": {"path":"C:\\Users\\tarni\\Desktop\\Web_Projects\\gallop\\packages\\gallop\\src\\clip.ts","statementMap":{"0":{"start":{"line":1,"column":0},"end":{"line":1,"column":46}},"1":{"start":{"line":2,"column":0},"end":{"line":2,"column":70}},"2":{"start":{"line":4,"column":0},"end":{"line":4,"column":42}},"3":{"start":{"line":5,"column":0},"end":{"line":5,"column":31}},"4":{"start":{"line":6,"column":0},"end":{"line":6,"column":48}},"5":{"start":{"line":7,"column":0},"end":{"line":7,"column":46}},"6":{"start":{"line":8,"column":0},"end":{"line":8,"column":50}},"7":{"start":{"line":9,"column":0},"end":{"line":9,"column":29}},"8":{"start":{"line":11,"column":14},"end":{"line":11,"column":36}},"9":{"start":{"line":22,"column":2},"end":{"line":26,"column":null}},"10":{"start":{"line":21,"column":0},"end":{"line":21,"column":16}},"11":{"start":{"line":30,"column":2},"end":{"line":30,"column":null}},"12":{"start":{"line":29,"column":0},"end":{"line":29,"column":16}},"13":{"start":{"line":34,"column":2},"end":{"line":34,"column":null}},"14":{"start":{"line":33,"column":0},"end":{"line":33,"column":16}},"15":{"start":{"line":54,"column":28},"end":{"line":55,"column":32}},"16":{"start":{"line":55,"column":2},"end":{"line":55,"column":32}},"17":{"start":{"line":63,"column":4},"end":{"line":63,"column":null}},"18":{"start":{"line":64,"column":4},"end":{"line":64,"column":null}},"19":{"start":{"line":65,"column":4},"end":{"line":65,"column":null}},"20":{"start":{"line":69,"column":4},"end":{"line":71,"column":null}},"21":{"start":{"line":70,"column":6},"end":{"line":70,"column":null}},"22":{"start":{"line":72,"column":4},"end":{"line":72,"column":null}},"23":{"start":{"line":72,"column":28},"end":{"line":72,"column":49}},"24":{"start":{"line":73,"column":4},"end":{"line":73,"column":null}},"25":{"start":{"line":57,"column":0},"end":{"line":57,"column":13}},"26":{"start":{"line":78,"column":2},"end":{"line":78,"column":null}},"27":{"start":{"line":92,"column":4},"end":{"line":92,"column":null}},"28":{"start":{"line":93,"column":4},"end":{"line":93,"column":null}},"29":{"start":{"line":94,"column":4},"end":{"line":94,"column":null}},"30":{"start":{"line":95,"column":4},"end":{"line":95,"column":null}},"31":{"start":{"line":99,"column":4},"end":{"line":99,"column":null}},"32":{"start":{"line":99,"column":40},"end":{"line":99,"column":66}},"33":{"start":{"line":77,"column":0},"end":{"line":77,"column":13}},"34":{"start":{"line":104,"column":17},"end":{"line":104,"column":43}},"35":{"start":{"line":105,"column":17},"end":{"line":105,"column":37}},"36":{"start":{"line":106,"column":14},"end":{"line":106,"column":15}},"37":{"start":{"line":107,"column":2},"end":{"line":179,"column":null}},"38":{"start":{"line":108,"column":4},"end":{"line":108,"column":null}},"39":{"start":{"line":109,"column":16},"end":{"line":109,"column":34}},"40":{"start":{"line":111,"column":4},"end":{"line":113,"column":null}},"41":{"start":{"line":112,"column":6},"end":{"line":112,"column":11}},"42":{"start":{"line":115,"column":4},"end":{"line":178,"column":null}},"43":{"start":{"line":116,"column":20},"end":{"line":116,"column":34}},"44":{"start":{"line":117,"column":25},"end":{"line":117,"column":30}},"45":{"start":{"line":118,"column":6},"end":{"line":160,"column":null}},"46":{"start":{"line":118,"column":19},"end":{"line":118,"column":20}},"47":{"start":{"line":119,"column":21},"end":{"line":119,"column":34}},"48":{"start":{"line":120,"column":23},"end":{"line":120,"column":30}},"49":{"start":{"line":121,"column":8},"end":{"line":159,"column":null}},"50":{"start":{"line":126,"column":27},"end":{"line":126,"column":40}},"51":{"start":{"line":127,"column":10},"end":{"line":156,"column":null}},"52":{"start":{"line":129,"column":14},"end":{"line":134,"column":null}},"53":{"start":{"line":135,"column":14},"end":{"line":135,"column":19}},"54":{"start":{"line":137,"column":14},"end":{"line":146,"column":null}},"55":{"start":{"line":138,"column":16},"end":{"line":143,"column":null}},"56":{"start":{"line":145,"column":16},"end":{"line":145,"column":null}},"57":{"start":{"line":147,"column":14},"end":{"line":147,"column":19}},"58":{"start":{"line":149,"column":14},"end":{"line":154,"column":null}},"59":{"start":{"line":155,"column":14},"end":{"line":155,"column":19}},"60":{"start":{"line":158,"column":10},"end":{"line":158,"column":null}},"61":{"start":{"line":161,"column":11},"end":{"line":178,"column":null}},"62":{"start":{"line":162,"column":6},"end":{"line":177,"column":null}},"63":{"start":{"line":163,"column":21},"end":{"line":163,"column":42}},"64":{"start":{"line":164,"column":8},"end":{"line":164,"column":null}},"65":{"start":{"line":165,"column":8},"end":{"line":174,"column":null}},"66":{"start":{"line":175,"column":8},"end":{"line":175,"column":null}},"67":{"start":{"line":176,"column":8},"end":{"line":176,"column":null}}},"fnMap":{"0":{"name":"createInstance","decl":{"start":{"line":21,"column":16},"end":{"line":21,"column":30}},"loc":{"start":{"line":21,"column":30},"end":{"line":27,"column":1}}},"1":{"name":"getVals","decl":{"start":{"line":29,"column":16},"end":{"line":29,"column":23}},"loc":{"start":{"line":29,"column":23},"end":{"line":31,"column":1}}},"2":{"name":"getShaHtml","decl":{"start":{"line":33,"column":16},"end":{"line":33,"column":26}},"loc":{"start":{"line":33,"column":26},"end":{"line":35,"column":1}}},"3":{"name":"(anonymous_3)","decl":{"start":{"line":54,"column":28},"end":{"line":54,"column":29}},"loc":{"start":{"line":55,"column":2},"end":{"line":55,"column":32}}},"4":{"name":"(anonymous_4)","decl":{"start":{"line":62,"column":2},"end":{"line":62,"column":14}},"loc":{"start":{"line":62,"column":57},"end":{"line":66,"column":3}}},"5":{"name":"(anonymous_5)","decl":{"start":{"line":68,"column":2},"end":{"line":68,"column":12}},"loc":{"start":{"line":68,"column":40},"end":{"line":74,"column":3}}},"6":{"name":"(anonymous_6)","decl":{"start":{"line":72,"column":21},"end":{"line":72,"column":22}},"loc":{"start":{"line":72,"column":28},"end":{"line":72,"column":49}}},"7":{"name":"(anonymous_7)","decl":{"start":{"line":87,"column":2},"end":{"line":87,"column":null}},"loc":{"start":{"line":90,"column":35},"end":{"line":96,"column":3}}},"8":{"name":"(anonymous_8)","decl":{"start":{"line":98,"column":2},"end":{"line":98,"column":11}},"loc":{"start":{"line":98,"column":40},"end":{"line":100,"column":3}}},"9":{"name":"(anonymous_9)","decl":{"start":{"line":99,"column":23},"end":{"line":99,"column":24}},"loc":{"start":{"line":99,"column":40},"end":{"line":99,"column":66}}},"10":{"name":"attachParts","decl":{"start":{"line":103,"column":9},"end":{"line":103,"column":20}},"loc":{"start":{"line":103,"column":31},"end":{"line":180,"column":1}}}},"branchMap":{"0":{"loc":{"start":{"line":69,"column":4},"end":{"line":71,"column":null}},"type":"if","locations":[{"start":{"line":69,"column":4},"end":{"line":71,"column":null}},{"start":{"line":69,"column":4},"end":{"line":71,"column":null}}]},"1":{"loc":{"start":{"line":111,"column":4},"end":{"line":113,"column":null}},"type":"if","locations":[{"start":{"line":111,"column":4},"end":{"line":113,"column":null}},{"start":{"line":111,"column":4},"end":{"line":113,"column":null}}]},"2":{"loc":{"start":{"line":115,"column":4},"end":{"line":178,"column":null}},"type":"if","locations":[{"start":{"line":115,"column":4},"end":{"line":178,"column":null}},{"start":{"line":115,"column":4},"end":{"line":178,"column":null}}]},"3":{"loc":{"start":{"line":121,"column":8},"end":{"line":159,"column":null}},"type":"if","locations":[{"start":{"line":121,"column":8},"end":{"line":159,"column":null}},{"start":{"line":121,"column":8},"end":{"line":159,"column":null}}]},"4":{"loc":{"start":{"line":122,"column":10},"end":{"line":122,"column":24}},"type":"binary-expr","locations":[{"start":{"line":122,"column":10},"end":{"line":122,"column":24}},{"start":{"line":123,"column":11},"end":{"line":123,"column":25}},{"start":{"line":123,"column":29},"end":{"line":123,"column":53}},{"start":{"line":124,"column":10},"end":{"line":124,"column":24}}]},"5":{"loc":{"start":{"line":128,"column":12},"end":{"line":135,"column":19}},"type":"switch","locations":[{"start":{"line":128,"column":12},"end":{"line":135,"column":19}},{"start":{"line":136,"column":12},"end":{"line":147,"column":19}},{"start":{"line":148,"column":12},"end":{"line":155,"column":19}}]},"6":{"loc":{"start":{"line":137,"column":14},"end":{"line":146,"column":null}},"type":"if","locations":[{"start":{"line":137,"column":14},"end":{"line":146,"column":null}},{"start":{"line":137,"column":14},"end":{"line":146,"column":null}}]},"7":{"loc":{"start":{"line":161,"column":11},"end":{"line":178,"column":null}},"type":"if","locations":[{"start":{"line":161,"column":11},"end":{"line":178,"column":null}},{"start":{"line":161,"column":11},"end":{"line":178,"column":null}}]},"8":{"loc":{"start":{"line":162,"column":6},"end":{"line":177,"column":null}},"type":"if","locations":[{"start":{"line":162,"column":6},"end":{"line":177,"column":null}},{"start":{"line":162,"column":6},"end":{"line":177,"column":null}}]}},"s":{"0":5,"1":5,"2":5,"3":5,"4":5,"5":5,"6":5,"7":5,"8":5,"9":3,"10":5,"11":3,"12":5,"13":5,"14":5,"15":5,"16":5,"17":5,"18":5,"19":5,"20":0,"21":0,"22":0,"23":0,"24":0,"25":5,"26":3,"27":3,"28":3,"29":3,"30":3,"31":3,"32":1,"33":5,"34":3,"35":3,"36":3,"37":3,"38":1,"39":1,"40":1,"41":0,"42":1,"43":1,"44":1,"45":1,"46":1,"47":2,"48":2,"49":2,"50":1,"51":1,"52":0,"53":0,"54":1,"55":1,"56":0,"57":1,"58":0,"59":0,"60":1,"61":0,"62":0,"63":0,"64":0,"65":0,"66":0,"67":0},"f":{"0":3,"1":3,"2":5,"3":5,"4":5,"5":0,"6":0,"7":3,"8":3,"9":1,"10":3},"b":{"0":[0,0],"1":[0,1],"2":[1,0],"3":[1,1],"4":[2,2,2,1],"5":[0,1,0],"6":[1,0],"7":[0,0],"8":[0,0]}}
,"C:\\Users\\tarni\\Desktop\\Web_Projects\\gallop\\packages\\gallop\\src\\component.ts": {"path":"C:\\Users\\tarni\\Desktop\\Web_Projects\\gallop\\packages\\gallop\\src\\component.ts","statementMap":{"0":{"start":{"line":1,"column":0},"end":{"line":1,"column":67}},"1":{"start":{"line":2,"column":0},"end":{"line":2,"column":55}},"2":{"start":{"line":3,"column":0},"end":{"line":3,"column":72}},"3":{"start":{"line":4,"column":0},"end":{"line":4,"column":40}},"4":{"start":{"line":5,"column":0},"end":{"line":5,"column":47}},"5":{"start":{"line":9,"column":13},"end":{"line":9,"column":null}},"6":{"start":{"line":9,"column":42},"end":{"line":9,"column":55}},"7":{"start":{"line":11,"column":13},"end":{"line":12,"column":null}},"8":{"start":{"line":12,"column":3},"end":{"line":12,"column":26}},"9":{"start":{"line":14,"column":20},"end":{"line":14,"column":47}},"10":{"start":{"line":16,"column":12},"end":{"line":16,"column":17}},"11":{"start":{"line":19,"column":2},"end":{"line":21,"column":null}},"12":{"start":{"line":20,"column":4},"end":{"line":20,"column":10}},"13":{"start":{"line":22,"column":2},"end":{"line":22,"column":null}},"14":{"start":{"line":23,"column":2},"end":{"line":32,"column":null}},"15":{"start":{"line":24,"column":4},"end":{"line":29,"column":null}},"16":{"start":{"line":25,"column":6},"end":{"line":25,"column":null}},"17":{"start":{"line":26,"column":6},"end":{"line":26,"column":null}},"18":{"start":{"line":27,"column":6},"end":{"line":27,"column":null}},"19":{"start":{"line":28,"column":6},"end":{"line":28,"column":null}},"20":{"start":{"line":30,"column":4},"end":{"line":30,"column":null}},"21":{"start":{"line":31,"column":4},"end":{"line":31,"column":null}},"22":{"start":{"line":57,"column":4},"end":{"line":57,"column":null}},"23":{"start":{"line":38,"column":2},"end":{"line":38,"column":null}},"24":{"start":{"line":42,"column":2},"end":{"line":42,"column":null}},"25":{"start":{"line":48,"column":2},"end":{"line":48,"column":null}},"26":{"start":{"line":54,"column":12},"end":{"line":54,"column":null}},"27":{"start":{"line":58,"column":4},"end":{"line":58,"column":null}},"28":{"start":{"line":59,"column":4},"end":{"line":59,"column":null}},"29":{"start":{"line":60,"column":4},"end":{"line":60,"column":null}},"30":{"start":{"line":61,"column":4},"end":{"line":61,"column":null}},"31":{"start":{"line":66,"column":4},"end":{"line":66,"column":null}},"32":{"start":{"line":67,"column":4},"end":{"line":77,"column":null}},"33":{"start":{"line":68,"column":16},"end":{"line":68,"column":64}},"34":{"start":{"line":69,"column":26},"end":{"line":69,"column":55}},"35":{"start":{"line":70,"column":6},"end":{"line":75,"column":null}},"36":{"start":{"line":71,"column":22},"end":{"line":71,"column":49}},"37":{"start":{"line":72,"column":8},"end":{"line":74,"column":null}},"38":{"start":{"line":73,"column":10},"end":{"line":73,"column":null}},"39":{"start":{"line":76,"column":6},"end":{"line":76,"column":null}},"40":{"start":{"line":76,"column":41},"end":{"line":76,"column":61}},"41":{"start":{"line":81,"column":4},"end":{"line":83,"column":null}},"42":{"start":{"line":82,"column":6},"end":{"line":82,"column":null}},"43":{"start":{"line":84,"column":4},"end":{"line":84,"column":null}},"44":{"start":{"line":85,"column":4},"end":{"line":85,"column":null}},"45":{"start":{"line":89,"column":20},"end":{"line":89,"column":58}},"46":{"start":{"line":90,"column":4},"end":{"line":92,"column":null}},"47":{"start":{"line":91,"column":6},"end":{"line":91,"column":null}},"48":{"start":{"line":93,"column":4},"end":{"line":93,"column":null}},"49":{"start":{"line":95,"column":4},"end":{"line":97,"column":6}},"50":{"start":{"line":96,"column":6},"end":{"line":96,"column":null}},"51":{"start":{"line":101,"column":17},"end":{"line":101,"column":43}},"52":{"start":{"line":102,"column":4},"end":{"line":102,"column":null}},"53":{"start":{"line":103,"column":4},"end":{"line":103,"column":null}},"54":{"start":{"line":104,"column":4},"end":{"line":104,"column":66}},"55":{"start":{"line":104,"column":46},"end":{"line":104,"column":65}},"56":{"start":{"line":106,"column":4},"end":{"line":108,"column":6}},"57":{"start":{"line":107,"column":6},"end":{"line":107,"column":null}},"58":{"start":{"line":112,"column":15},"end":{"line":112,"column":47}},"59":{"start":{"line":113,"column":4},"end":{"line":115,"column":null}},"60":{"start":{"line":114,"column":6},"end":{"line":114,"column":null}},"61":{"start":{"line":119,"column":4},"end":{"line":119,"column":null}},"62":{"start":{"line":124,"column":4},"end":{"line":124,"column":69}},"63":{"start":{"line":124,"column":47},"end":{"line":124,"column":68}},"64":{"start":{"line":126,"column":4},"end":{"line":128,"column":6}},"65":{"start":{"line":127,"column":6},"end":{"line":127,"column":null}},"66":{"start":{"line":129,"column":4},"end":{"line":129,"column":null}},"67":{"start":{"line":133,"column":4},"end":{"line":133,"column":null}},"68":{"start":{"line":134,"column":4},"end":{"line":134,"column":null}},"69":{"start":{"line":135,"column":4},"end":{"line":135,"column":null}},"70":{"start":{"line":136,"column":4},"end":{"line":136,"column":null}},"71":{"start":{"line":37,"column":0},"end":{"line":37,"column":22}},"72":{"start":{"line":140,"column":22},"end":{"line":140,"column":39}},"73":{"start":{"line":149,"column":2},"end":{"line":151,"column":null}},"74":{"start":{"line":150,"column":4},"end":{"line":150,"column":null}},"75":{"start":{"line":153,"column":2},"end":{"line":155,"column":null}},"76":{"start":{"line":154,"column":4},"end":{"line":154,"column":null}},"77":{"start":{"line":158,"column":4},"end":{"line":158,"column":78}},"78":{"start":{"line":158,"column":59},"end":{"line":158,"column":77}},"79":{"start":{"line":160,"column":16},"end":{"line":164,"column":null}},"80":{"start":{"line":162,"column":6},"end":{"line":162,"column":null}},"81":{"start":{"line":166,"column":2},"end":{"line":166,"column":null}},"82":{"start":{"line":167,"column":2},"end":{"line":167,"column":null}},"83":{"start":{"line":142,"column":0},"end":{"line":142,"column":16}},"84":{"start":{"line":171,"column":14},"end":{"line":171,"column":29}},"85":{"start":{"line":172,"column":2},"end":{"line":172,"column":null}},"86":{"start":{"line":170,"column":0},"end":{"line":170,"column":16}}},"fnMap":{"0":{"name":"(anonymous_0)","decl":{"start":{"line":9,"column":36},"end":{"line":9,"column":39}},"loc":{"start":{"line":9,"column":42},"end":{"line":9,"column":55}}},"1":{"name":"(anonymous_1)","decl":{"start":{"line":11,"column":32},"end":{"line":11,"column":33}},"loc":{"start":{"line":12,"column":3},"end":{"line":12,"column":26}}},"2":{"name":"requestUpdate","decl":{"start":{"line":18,"column":9},"end":{"line":18,"column":22}},"loc":{"start":{"line":18,"column":22},"end":{"line":33,"column":1}}},"3":{"name":"(anonymous_3)","decl":{"start":{"line":23,"column":24},"end":{"line":23,"column":27}},"loc":{"start":{"line":23,"column":29},"end":{"line":32,"column":3}}},"4":{"name":"(anonymous_4)","decl":{"start":{"line":24,"column":24},"end":{"line":24,"column":25}},"loc":{"start":{"line":24,"column":37},"end":{"line":29,"column":5}}},"5":{"name":"(anonymous_5)","decl":{"start":{"line":56,"column":2},"end":{"line":56,"column":14}},"loc":{"start":{"line":56,"column":77},"end":{"line":63,"column":3}}},"6":{"name":"(anonymous_6)","decl":{"start":{"line":65,"column":2},"end":{"line":65,"column":11}},"loc":{"start":{"line":65,"column":31},"end":{"line":78,"column":3}}},"7":{"name":"(anonymous_7)","decl":{"start":{"line":76,"column":35},"end":{"line":76,"column":38}},"loc":{"start":{"line":76,"column":41},"end":{"line":76,"column":61}}},"8":{"name":"(anonymous_8)","decl":{"start":{"line":80,"column":2},"end":{"line":80,"column":15}},"loc":{"start":{"line":80,"column":15},"end":{"line":86,"column":3}}},"9":{"name":"(anonymous_9)","decl":{"start":{"line":88,"column":2},"end":{"line":88,"column":16}},"loc":{"start":{"line":88,"column":16},"end":{"line":98,"column":3}}},"10":{"name":"(anonymous_10)","decl":{"start":{"line":95,"column":33},"end":{"line":95,"column":34}},"loc":{"start":{"line":95,"column":44},"end":{"line":97,"column":5}}},"11":{"name":"(anonymous_11)","decl":{"start":{"line":100,"column":2},"end":{"line":100,"column":7}},"loc":{"start":{"line":100,"column":28},"end":{"line":109,"column":3}}},"12":{"name":"(anonymous_12)","decl":{"start":{"line":104,"column":33},"end":{"line":104,"column":34}},"loc":{"start":{"line":104,"column":46},"end":{"line":104,"column":65}}},"13":{"name":"(anonymous_13)","decl":{"start":{"line":106,"column":34},"end":{"line":106,"column":35}},"loc":{"start":{"line":106,"column":45},"end":{"line":108,"column":5}}},"14":{"name":"(anonymous_14)","decl":{"start":{"line":111,"column":2},"end":{"line":111,"column":12}},"loc":{"start":{"line":111,"column":39},"end":{"line":116,"column":3}}},"15":{"name":"(anonymous_15)","decl":{"start":{"line":118,"column":2},"end":{"line":118,"column":19}},"loc":{"start":{"line":118,"column":19},"end":{"line":121,"column":3}}},"16":{"name":"(anonymous_16)","decl":{"start":{"line":123,"column":2},"end":{"line":123,"column":22}},"loc":{"start":{"line":123,"column":22},"end":{"line":130,"column":3}}},"17":{"name":"(anonymous_17)","decl":{"start":{"line":124,"column":34},"end":{"line":124,"column":35}},"loc":{"start":{"line":124,"column":47},"end":{"line":124,"column":68}}},"18":{"name":"(anonymous_18)","decl":{"start":{"line":126,"column":39},"end":{"line":126,"column":40}},"loc":{"start":{"line":126,"column":50},"end":{"line":128,"column":5}}},"19":{"name":"(anonymous_19)","decl":{"start":{"line":132,"column":2},"end":{"line":132,"column":14}},"loc":{"start":{"line":132,"column":14},"end":{"line":137,"column":3}}},"20":{"name":"component","decl":{"start":{"line":142,"column":16},"end":{"line":142,"column":25}},"loc":{"start":{"line":147,"column":35},"end":{"line":168,"column":1}}},"21":{"name":"(anonymous_21)","decl":{"start":{"line":158,"column":49},"end":{"line":158,"column":50}},"loc":{"start":{"line":158,"column":59},"end":{"line":158,"column":77}}},"22":{"name":"(anonymous_22)","decl":{"start":{"line":161,"column":4},"end":{"line":161,"column":null}},"loc":{"start":{"line":161,"column":4},"end":{"line":163,"column":5}}},"23":{"name":"verifyComponentName","decl":{"start":{"line":170,"column":16},"end":{"line":170,"column":35}},"loc":{"start":{"line":170,"column":48},"end":{"line":173,"column":1}}}},"branchMap":{"0":{"loc":{"start":{"line":19,"column":2},"end":{"line":21,"column":null}},"type":"if","locations":[{"start":{"line":19,"column":2},"end":{"line":21,"column":null}},{"start":{"line":19,"column":2},"end":{"line":21,"column":null}}]},"1":{"loc":{"start":{"line":59,"column":26},"end":{"line":59,"column":61}},"type":"cond-expr","locations":[{"start":{"line":59,"column":26},"end":{"line":59,"column":61}},{"start":{"line":59,"column":64},"end":{"line":59,"column":68}}]},"2":{"loc":{"start":{"line":67,"column":4},"end":{"line":77,"column":null}},"type":"if","locations":[{"start":{"line":67,"column":4},"end":{"line":77,"column":null}},{"start":{"line":67,"column":4},"end":{"line":77,"column":null}}]},"3":{"loc":{"start":{"line":72,"column":8},"end":{"line":74,"column":null}},"type":"if","locations":[{"start":{"line":72,"column":8},"end":{"line":74,"column":null}},{"start":{"line":72,"column":8},"end":{"line":74,"column":null}}]},"4":{"loc":{"start":{"line":81,"column":4},"end":{"line":83,"column":null}},"type":"if","locations":[{"start":{"line":81,"column":4},"end":{"line":83,"column":null}},{"start":{"line":81,"column":4},"end":{"line":83,"column":null}}]},"5":{"loc":{"start":{"line":90,"column":4},"end":{"line":92,"column":null}},"type":"if","locations":[{"start":{"line":90,"column":4},"end":{"line":92,"column":null}},{"start":{"line":90,"column":4},"end":{"line":92,"column":null}}]},"6":{"loc":{"start":{"line":95,"column":23},"end":{"line":95,"column":25}},"type":"cond-expr","locations":[{"start":{"line":95,"column":23},"end":{"line":95,"column":25}},{"start":{"line":95,"column":23},"end":{"line":97,"column":6}}]},"7":{"loc":{"start":{"line":95,"column":4},"end":{"line":95,"column":25}},"type":"binary-expr","locations":[{"start":{"line":95,"column":4},"end":{"line":95,"column":25}},{"start":{"line":95,"column":23},"end":{"line":95,"column":25}}]},"8":{"loc":{"start":{"line":104,"column":23},"end":{"line":104,"column":25}},"type":"cond-expr","locations":[{"start":{"line":104,"column":23},"end":{"line":104,"column":25}},{"start":{"line":104,"column":23},"end":{"line":104,"column":66}}]},"9":{"loc":{"start":{"line":104,"column":4},"end":{"line":104,"column":25}},"type":"binary-expr","locations":[{"start":{"line":104,"column":4},"end":{"line":104,"column":25}},{"start":{"line":104,"column":23},"end":{"line":104,"column":25}}]},"10":{"loc":{"start":{"line":106,"column":24},"end":{"line":106,"column":26}},"type":"cond-expr","locations":[{"start":{"line":106,"column":24},"end":{"line":106,"column":26}},{"start":{"line":106,"column":24},"end":{"line":108,"column":6}}]},"11":{"loc":{"start":{"line":106,"column":4},"end":{"line":106,"column":26}},"type":"binary-expr","locations":[{"start":{"line":106,"column":4},"end":{"line":106,"column":26}},{"start":{"line":106,"column":24},"end":{"line":106,"column":26}}]},"12":{"loc":{"start":{"line":112,"column":32},"end":{"line":112,"column":34}},"type":"cond-expr","locations":[{"start":{"line":112,"column":32},"end":{"line":112,"column":34}},{"start":{"line":112,"column":32},"end":{"line":112,"column":47}}]},"13":{"loc":{"start":{"line":112,"column":15},"end":{"line":112,"column":34}},"type":"binary-expr","locations":[{"start":{"line":112,"column":15},"end":{"line":112,"column":34}},{"start":{"line":112,"column":32},"end":{"line":112,"column":34}}]},"14":{"loc":{"start":{"line":113,"column":4},"end":{"line":115,"column":null}},"type":"if","locations":[{"start":{"line":113,"column":4},"end":{"line":115,"column":null}},{"start":{"line":113,"column":4},"end":{"line":115,"column":null}}]},"15":{"loc":{"start":{"line":124,"column":24},"end":{"line":124,"column":26}},"type":"cond-expr","locations":[{"start":{"line":124,"column":24},"end":{"line":124,"column":26}},{"start":{"line":124,"column":24},"end":{"line":124,"column":69}}]},"16":{"loc":{"start":{"line":124,"column":4},"end":{"line":124,"column":26}},"type":"binary-expr","locations":[{"start":{"line":124,"column":4},"end":{"line":124,"column":26}},{"start":{"line":124,"column":24},"end":{"line":124,"column":26}}]},"17":{"loc":{"start":{"line":124,"column":14},"end":{"line":124,"column":16}},"type":"cond-expr","locations":[{"start":{"line":124,"column":14},"end":{"line":124,"column":16}},{"start":{"line":124,"column":14},"end":{"line":124,"column":24}}]},"18":{"loc":{"start":{"line":124,"column":4},"end":{"line":124,"column":16}},"type":"binary-expr","locations":[{"start":{"line":124,"column":4},"end":{"line":124,"column":16}},{"start":{"line":124,"column":14},"end":{"line":124,"column":16}}]},"19":{"loc":{"start":{"line":126,"column":29},"end":{"line":126,"column":31}},"type":"cond-expr","locations":[{"start":{"line":126,"column":29},"end":{"line":126,"column":31}},{"start":{"line":126,"column":29},"end":{"line":128,"column":6}}]},"20":{"loc":{"start":{"line":126,"column":4},"end":{"line":126,"column":31}},"type":"binary-expr","locations":[{"start":{"line":126,"column":4},"end":{"line":126,"column":31}},{"start":{"line":126,"column":29},"end":{"line":126,"column":31}}]},"21":{"loc":{"start":{"line":146,"column":20},"end":{"line":146,"column":24}},"type":"default-arg","locations":[{"start":{"line":146,"column":20},"end":{"line":146,"column":24}}]},"22":{"loc":{"start":{"line":149,"column":2},"end":{"line":151,"column":null}},"type":"if","locations":[{"start":{"line":149,"column":2},"end":{"line":151,"column":null}},{"start":{"line":149,"column":2},"end":{"line":151,"column":null}}]},"23":{"loc":{"start":{"line":153,"column":2},"end":{"line":155,"column":null}},"type":"if","locations":[{"start":{"line":153,"column":2},"end":{"line":155,"column":null}},{"start":{"line":153,"column":2},"end":{"line":155,"column":null}}]},"24":{"loc":{"start":{"line":158,"column":4},"end":{"line":158,"column":16}},"type":"cond-expr","locations":[{"start":{"line":158,"column":4},"end":{"line":158,"column":16}},{"start":{"line":158,"column":20},"end":{"line":158,"column":78}}]},"25":{"loc":{"start":{"line":158,"column":4},"end":{"line":158,"column":20}},"type":"binary-expr","locations":[{"start":{"line":158,"column":4},"end":{"line":158,"column":20}},{"start":{"line":158,"column":4},"end":{"line":158,"column":20}}]},"26":{"loc":{"start":{"line":172,"column":9},"end":{"line":172,"column":28}},"type":"binary-expr","locations":[{"start":{"line":172,"column":9},"end":{"line":172,"column":28}},{"start":{"line":172,"column":32},"end":{"line":172,"column":47}},{"start":{"line":172,"column":51},"end":{"line":172,"column":78}}]}},"s":{"0":5,"1":5,"2":5,"3":5,"4":5,"5":5,"6":0,"7":5,"8":0,"9":5,"10":5,"11":2,"12":1,"13":1,"14":1,"15":0,"16":0,"17":0,"18":0,"19":0,"20":0,"21":0,"22":1,"23":1,"24":1,"25":1,"26":1,"27":1,"28":1,"29":1,"30":1,"31":1,"32":1,"33":1,"34":1,"35":1,"36":1,"37":1,"38":1,"39":1,"40":1,"41":2,"42":1,"43":2,"44":2,"45":0,"46":0,"47":0,"48":0,"49":0,"50":0,"51":0,"52":0,"53":0,"54":0,"55":0,"56":0,"57":0,"58":1,"59":1,"60":1,"61":1,"62":0,"63":0,"64":0,"65":0,"66":0,"67":0,"68":0,"69":0,"70":0,"71":5,"72":5,"73":2,"74":1,"75":1,"76":0,"77":1,"78":0,"79":1,"80":1,"81":1,"82":1,"83":5,"84":7,"85":7,"86":5},"f":{"0":0,"1":0,"2":2,"3":0,"4":0,"5":1,"6":1,"7":1,"8":2,"9":0,"10":0,"11":0,"12":0,"13":0,"14":1,"15":1,"16":0,"17":0,"18":0,"19":0,"20":2,"21":0,"22":1,"23":7},"b":{"0":[1,1],"1":[1,0],"2":[1,0],"3":[1,0],"4":[1,1],"5":[0,0],"6":[0,0],"7":[0,0],"8":[0,0],"9":[0,0],"10":[0,0],"11":[0,0],"12":[0,1],"13":[1,1],"14":[1,0],"15":[0,0],"16":[0,0],"17":[0,0],"18":[0,0],"19":[0,0],"20":[0,0],"21":[2],"22":[1,1],"23":[0,1],"24":[1,0],"25":[1,1],"26":[7,7,4]}}
,"C:\\Users\\tarni\\Desktop\\Web_Projects\\gallop\\packages\\gallop\\src\\context.ts": {"path":"C:\\Users\\tarni\\Desktop\\Web_Projects\\gallop\\packages\\gallop\\src\\context.ts","statementMap":{"0":{"start":{"line":2,"column":0},"end":{"line":2,"column":40}},"1":{"start":{"line":7,"column":2},"end":{"line":7,"column":null}},"2":{"start":{"line":12,"column":4},"end":{"line":12,"column":null}},"3":{"start":{"line":13,"column":4},"end":{"line":13,"column":null}},"4":{"start":{"line":13,"column":46},"end":{"line":13,"column":59}},"5":{"start":{"line":17,"column":4},"end":{"line":17,"column":null}},"6":{"start":{"line":21,"column":4},"end":{"line":21,"column":null}},"7":{"start":{"line":25,"column":4},"end":{"line":25,"column":null}},"8":{"start":{"line":29,"column":4},"end":{"line":31,"column":null}},"9":{"start":{"line":30,"column":6},"end":{"line":30,"column":null}},"10":{"start":{"line":4,"column":0},"end":{"line":4,"column":13}},"11":{"start":{"line":36,"column":2},"end":{"line":36,"column":null}},"12":{"start":{"line":35,"column":0},"end":{"line":35,"column":16}}},"fnMap":{"0":{"name":"(anonymous_0)","decl":{"start":{"line":11,"column":2},"end":{"line":11,"column":14}},"loc":{"start":{"line":11,"column":20},"end":{"line":14,"column":3}}},"1":{"name":"(anonymous_1)","decl":{"start":{"line":13,"column":40},"end":{"line":13,"column":43}},"loc":{"start":{"line":13,"column":46},"end":{"line":13,"column":59}}},"2":{"name":"(anonymous_2)","decl":{"start":{"line":16,"column":2},"end":{"line":16,"column":8}},"loc":{"start":{"line":16,"column":34},"end":{"line":18,"column":3}}},"3":{"name":"(anonymous_3)","decl":{"start":{"line":20,"column":2},"end":{"line":20,"column":7}},"loc":{"start":{"line":20,"column":33},"end":{"line":22,"column":3}}},"4":{"name":"(anonymous_4)","decl":{"start":{"line":24,"column":2},"end":{"line":24,"column":9}},"loc":{"start":{"line":24,"column":35},"end":{"line":26,"column":3}}},"5":{"name":"(anonymous_5)","decl":{"start":{"line":28,"column":2},"end":{"line":28,"column":8}},"loc":{"start":{"line":28,"column":8},"end":{"line":32,"column":3}}},"6":{"name":"(anonymous_6)","decl":{"start":{"line":29,"column":34},"end":{"line":29,"column":35}},"loc":{"start":{"line":29,"column":47},"end":{"line":31,"column":5}}},"7":{"name":"createContext","decl":{"start":{"line":35,"column":16},"end":{"line":35,"column":29}},"loc":{"start":{"line":35,"column":54},"end":{"line":37,"column":1}}}},"branchMap":{},"s":{"0":4,"1":1,"2":1,"3":1,"4":0,"5":0,"6":0,"7":0,"8":0,"9":0,"10":4,"11":1,"12":4},"f":{"0":1,"1":0,"2":0,"3":0,"4":0,"5":0,"6":0,"7":1},"b":{}}
,"C:\\Users\\tarni\\Desktop\\Web_Projects\\gallop\\packages\\gallop\\src\\do.ts": {"path":"C:\\Users\\tarni\\Desktop\\Web_Projects\\gallop\\packages\\gallop\\src\\do.ts","statementMap":{"0":{"start":{"line":3,"column":4},"end":{"line":3,"column":null}},"1":{"start":{"line":1,"column":0},"end":{"line":1,"column":22}}},"fnMap":{"0":{"name":"(anonymous_0)","decl":{"start":{"line":2,"column":2},"end":{"line":2,"column":4}},"loc":{"start":{"line":2,"column":63},"end":{"line":4,"column":3}}}},"branchMap":{},"s":{"0":11,"1":5},"f":{"0":11},"b":{}}
,"C:\\Users\\tarni\\Desktop\\Web_Projects\\gallop\\packages\\gallop\\src\\dom.ts": {"path":"C:\\Users\\tarni\\Desktop\\Web_Projects\\gallop\\packages\\gallop\\src\\dom.ts","statementMap":{"0":{"start":{"line":2,"column":2},"end":{"line":7,"column":null}},"1":{"start":{"line":1,"column":0},"end":{"line":1,"column":16}},"2":{"start":{"line":15,"column":2},"end":{"line":15,"column":null}},"3":{"start":{"line":10,"column":0},"end":{"line":10,"column":16}},"4":{"start":{"line":23,"column":2},"end":{"line":27,"column":null}},"5":{"start":{"line":24,"column":14},"end":{"line":24,"column":32}},"6":{"start":{"line":25,"column":4},"end":{"line":25,"column":null}},"7":{"start":{"line":26,"column":4},"end":{"line":26,"column":null}},"8":{"start":{"line":18,"column":0},"end":{"line":18,"column":16}}},"fnMap":{"0":{"name":"cleanDofStr","decl":{"start":{"line":1,"column":16},"end":{"line":1,"column":27}},"loc":{"start":{"line":1,"column":39},"end":{"line":8,"column":1}}},"1":{"name":"insertAfter","decl":{"start":{"line":10,"column":16},"end":{"line":10,"column":27}},"loc":{"start":{"line":13,"column":19},"end":{"line":16,"column":1}}},"2":{"name":"removeNodes","decl":{"start":{"line":18,"column":16},"end":{"line":18,"column":27}},"loc":{"start":{"line":21,"column":25},"end":{"line":28,"column":1}}}},"branchMap":{"0":{"loc":{"start":{"line":15,"column":65},"end":{"line":15,"column":69}},"type":"cond-expr","locations":[{"start":{"line":15,"column":65},"end":{"line":15,"column":69}},{"start":{"line":15,"column":69},"end":{"line":15,"column":73}}]},"1":{"loc":{"start":{"line":15,"column":40},"end":{"line":15,"column":69}},"type":"binary-expr","locations":[{"start":{"line":15,"column":40},"end":{"line":15,"column":69}},{"start":{"line":15,"column":65},"end":{"line":15,"column":69}}]},"2":{"loc":{"start":{"line":15,"column":52},"end":{"line":15,"column":54}},"type":"cond-expr","locations":[{"start":{"line":15,"column":52},"end":{"line":15,"column":54}},{"start":{"line":15,"column":42},"end":{"line":15,"column":65}}]},"3":{"loc":{"start":{"line":15,"column":42},"end":{"line":15,"column":54}},"type":"binary-expr","locations":[{"start":{"line":15,"column":42},"end":{"line":15,"column":54}},{"start":{"line":15,"column":42},"end":{"line":15,"column":54}}]},"4":{"loc":{"start":{"line":21,"column":21},"end":{"line":21,"column":25}},"type":"default-arg","locations":[{"start":{"line":21,"column":21},"end":{"line":21,"column":25}}]}},"s":{"0":6,"1":6,"2":2,"3":6,"4":2,"5":20,"6":20,"7":20,"8":6},"f":{"0":6,"1":2,"2":2},"b":{"0":[0,2],"1":[2,1],"2":[1,1],"3":[2,2],"4":[1]}}
,"C:\\Users\\tarni\\Desktop\\Web_Projects\\gallop\\packages\\gallop\\src\\error.ts": {"path":"C:\\Users\\tarni\\Desktop\\Web_Projects\\gallop\\packages\\gallop\\src\\error.ts","statementMap":{"0":{"start":{"line":1,"column":13},"end":{"line":4,"column":null}},"1":{"start":{"line":2,"column":2},"end":{"line":3,"column":null}},"2":{"start":{"line":6,"column":13},"end":{"line":9,"column":null}},"3":{"start":{"line":7,"column":2},"end":{"line":8,"column":null}},"4":{"start":{"line":11,"column":13},"end":{"line":14,"column":null}},"5":{"start":{"line":12,"column":2},"end":{"line":13,"column":null}},"6":{"start":{"line":16,"column":13},"end":{"line":17,"column":null}},"7":{"start":{"line":17,"column":2},"end":{"line":17,"column":63}}},"fnMap":{"0":{"name":"(anonymous_0)","decl":{"start":{"line":1,"column":36},"end":{"line":1,"column":37}},"loc":{"start":{"line":2,"column":2},"end":{"line":3,"column":null}}},"1":{"name":"(anonymous_1)","decl":{"start":{"line":6,"column":40},"end":{"line":6,"column":41}},"loc":{"start":{"line":7,"column":2},"end":{"line":8,"column":null}}},"2":{"name":"(anonymous_2)","decl":{"start":{"line":11,"column":32},"end":{"line":11,"column":33}},"loc":{"start":{"line":12,"column":2},"end":{"line":13,"column":null}}},"3":{"name":"(anonymous_3)","decl":{"start":{"line":16,"column":40},"end":{"line":16,"column":41}},"loc":{"start":{"line":17,"column":2},"end":{"line":17,"column":63}}}},"branchMap":{},"s":{"0":7,"1":1,"2":7,"3":0,"4":7,"5":1,"6":7,"7":0},"f":{"0":1,"1":0,"2":1,"3":0},"b":{}}
,"C:\\Users\\tarni\\Desktop\\Web_Projects\\gallop\\packages\\gallop\\src\\event.ts": {"path":"C:\\Users\\tarni\\Desktop\\Web_Projects\\gallop\\packages\\gallop\\src\\event.ts","statementMap":{"0":{"start":{"line":1,"column":13},"end":{"line":9,"column":null}},"1":{"start":{"line":4,"column":2},"end":{"line":8,"column":null}}},"fnMap":{"0":{"name":"(anonymous_0)","decl":{"start":{"line":1,"column":36},"end":{"line":1,"column":null}},"loc":{"start":{"line":3,"column":29},"end":{"line":9,"column":1}}}},"branchMap":{},"s":{"0":6,"1":1},"f":{"0":1},"b":{}}
,"C:\\Users\\tarni\\Desktop\\Web_Projects\\gallop\\packages\\gallop\\src\\hooks.ts": {"path":"C:\\Users\\tarni\\Desktop\\Web_Projects\\gallop\\packages\\gallop\\src\\hooks.ts","statementMap":{"0":{"start":{"line":1,"column":0},"end":{"line":1,"column":68}},"1":{"start":{"line":2,"column":0},"end":{"line":2,"column":53}},"2":{"start":{"line":3,"column":0},"end":{"line":3,"column":30}},"3":{"start":{"line":4,"column":0},"end":{"line":4,"column":38}},"4":{"start":{"line":7,"column":18},"end":{"line":7,"column":40}},"5":{"start":{"line":8,"column":2},"end":{"line":10,"column":null}},"6":{"start":{"line":10,"column":54},"end":{"line":10,"column":77}},"7":{"start":{"line":6,"column":0},"end":{"line":6,"column":16}},"8":{"start":{"line":19,"column":18},"end":{"line":19,"column":40}},"9":{"start":{"line":21,"column":16},"end":{"line":21,"column":37}},"10":{"start":{"line":23,"column":2},"end":{"line":60,"column":null}},"11":{"start":{"line":24,"column":4},"end":{"line":26,"column":null}},"12":{"start":{"line":25,"column":6},"end":{"line":25,"column":null}},"13":{"start":{"line":27,"column":4},"end":{"line":27,"column":null}},"14":{"start":{"line":28,"column":9},"end":{"line":60,"column":null}},"15":{"start":{"line":29,"column":4},"end":{"line":31,"column":null}},"16":{"start":{"line":30,"column":6},"end":{"line":30,"column":null}},"17":{"start":{"line":32,"column":4},"end":{"line":32,"column":null}},"18":{"start":{"line":34,"column":24},"end":{"line":34,"column":29}},"19":{"start":{"line":35,"column":4},"end":{"line":54,"column":null}},"20":{"start":{"line":35,"column":17},"end":{"line":35,"column":18}},"21":{"start":{"line":36,"column":18},"end":{"line":36,"column":28}},"22":{"start":{"line":37,"column":6},"end":{"line":53,"column":null}},"23":{"start":{"line":38,"column":8},"end":{"line":40,"column":null}},"24":{"start":{"line":39,"column":10},"end":{"line":39,"column":null}},"25":{"start":{"line":42,"column":8},"end":{"line":44,"column":null}},"26":{"start":{"line":43,"column":10},"end":{"line":43,"column":null}},"27":{"start":{"line":45,"column":8},"end":{"line":47,"column":null}},"28":{"start":{"line":46,"column":10},"end":{"line":46,"column":null}},"29":{"start":{"line":49,"column":8},"end":{"line":51,"column":null}},"30":{"start":{"line":50,"column":10},"end":{"line":50,"column":null}},"31":{"start":{"line":52,"column":8},"end":{"line":52,"column":null}},"32":{"start":{"line":55,"column":4},"end":{"line":59,"column":null}},"33":{"start":{"line":56,"column":25},"end":{"line":57,"column":63}},"34":{"start":{"line":58,"column":6},"end":{"line":58,"column":null}},"35":{"start":{"line":62,"column":2},"end":{"line":62,"column":null}},"36":{"start":{"line":18,"column":0},"end":{"line":18,"column":16}},"37":{"start":{"line":66,"column":2},"end":{"line":73,"column":null}},"38":{"start":{"line":67,"column":16},"end":{"line":67,"column":37}},"39":{"start":{"line":68,"column":4},"end":{"line":72,"column":null}},"40":{"start":{"line":65,"column":0},"end":{"line":65,"column":16}}},"fnMap":{"0":{"name":"useState","decl":{"start":{"line":6,"column":16},"end":{"line":6,"column":24}},"loc":{"start":{"line":6,"column":55},"end":{"line":11,"column":1}}},"1":{"name":"(anonymous_1)","decl":{"start":{"line":10,"column":48},"end":{"line":10,"column":51}},"loc":{"start":{"line":10,"column":54},"end":{"line":10,"column":77}}},"2":{"name":"useEffect","decl":{"start":{"line":18,"column":16},"end":{"line":18,"column":25}},"loc":{"start":{"line":18,"column":74},"end":{"line":63,"column":1}}},"3":{"name":"resolveEffect","decl":{"start":{"line":65,"column":16},"end":{"line":65,"column":29}},"loc":{"start":{"line":65,"column":71},"end":{"line":74,"column":1}}},"4":{"name":"(anonymous_4)","decl":{"start":{"line":66,"column":13},"end":{"line":66,"column":16}},"loc":{"start":{"line":66,"column":18},"end":{"line":73,"column":3}}}},"branchMap":{"0":{"loc":{"start":{"line":9,"column":7},"end":{"line":9,"column":31}},"type":"cond-expr","locations":[{"start":{"line":9,"column":7},"end":{"line":9,"column":31}},{"start":{"line":10,"column":6},"end":{"line":10,"column":80}}]},"1":{"loc":{"start":{"line":23,"column":2},"end":{"line":60,"column":null}},"type":"if","locations":[{"start":{"line":23,"column":2},"end":{"line":60,"column":null}},{"start":{"line":23,"column":2},"end":{"line":60,"column":null}}]},"2":{"loc":{"start":{"line":24,"column":4},"end":{"line":26,"column":null}},"type":"if","locations":[{"start":{"line":24,"column":4},"end":{"line":26,"column":null}},{"start":{"line":24,"column":4},"end":{"line":26,"column":null}}]},"3":{"loc":{"start":{"line":28,"column":9},"end":{"line":60,"column":null}},"type":"if","locations":[{"start":{"line":28,"column":9},"end":{"line":60,"column":null}},{"start":{"line":28,"column":9},"end":{"line":60,"column":null}}]},"4":{"loc":{"start":{"line":29,"column":4},"end":{"line":31,"column":null}},"type":"if","locations":[{"start":{"line":29,"column":4},"end":{"line":31,"column":null}},{"start":{"line":29,"column":4},"end":{"line":31,"column":null}}]},"5":{"loc":{"start":{"line":37,"column":6},"end":{"line":53,"column":null}},"type":"if","locations":[{"start":{"line":37,"column":6},"end":{"line":53,"column":null}},{"start":{"line":37,"column":6},"end":{"line":53,"column":null}}]},"6":{"loc":{"start":{"line":38,"column":8},"end":{"line":40,"column":null}},"type":"if","locations":[{"start":{"line":38,"column":8},"end":{"line":40,"column":null}},{"start":{"line":38,"column":8},"end":{"line":40,"column":null}}]},"7":{"loc":{"start":{"line":42,"column":8},"end":{"line":44,"column":null}},"type":"if","locations":[{"start":{"line":42,"column":8},"end":{"line":44,"column":null}},{"start":{"line":42,"column":8},"end":{"line":44,"column":null}}]},"8":{"loc":{"start":{"line":45,"column":8},"end":{"line":47,"column":null}},"type":"if","locations":[{"start":{"line":45,"column":8},"end":{"line":47,"column":null}},{"start":{"line":45,"column":8},"end":{"line":47,"column":null}}]},"9":{"loc":{"start":{"line":49,"column":8},"end":{"line":51,"column":null}},"type":"if","locations":[{"start":{"line":49,"column":8},"end":{"line":51,"column":null}},{"start":{"line":49,"column":8},"end":{"line":51,"column":null}}]},"10":{"loc":{"start":{"line":55,"column":4},"end":{"line":59,"column":null}},"type":"if","locations":[{"start":{"line":55,"column":4},"end":{"line":59,"column":null}},{"start":{"line":55,"column":4},"end":{"line":59,"column":null}}]},"11":{"loc":{"start":{"line":57,"column":30},"end":{"line":57,"column":34}},"type":"cond-expr","locations":[{"start":{"line":57,"column":30},"end":{"line":57,"column":34}},{"start":{"line":57,"column":35},"end":{"line":57,"column":62}}]},"12":{"loc":{"start":{"line":56,"column":25},"end":{"line":57,"column":34}},"type":"binary-expr","locations":[{"start":{"line":56,"column":25},"end":{"line":57,"column":34}},{"start":{"line":57,"column":30},"end":{"line":57,"column":34}}]},"13":{"loc":{"start":{"line":69,"column":8},"end":{"line":71,"column":19}},"type":"cond-expr","locations":[{"start":{"line":69,"column":8},"end":{"line":71,"column":19}},{"start":{"line":72,"column":8},"end":{"line":72,"column":12}}]},"14":{"loc":{"start":{"line":70,"column":38},"end":{"line":70,"column":42}},"type":"cond-expr","locations":[{"start":{"line":70,"column":38},"end":{"line":70,"column":42}},{"start":{"line":70,"column":43},"end":{"line":70,"column":76}}]},"15":{"loc":{"start":{"line":69,"column":8},"end":{"line":70,"column":42}},"type":"binary-expr","locations":[{"start":{"line":69,"column":8},"end":{"line":70,"column":42}},{"start":{"line":70,"column":38},"end":{"line":70,"column":42}}]}},"s":{"0":5,"1":5,"2":5,"3":5,"4":0,"5":0,"6":0,"7":5,"8":0,"9":0,"10":0,"11":0,"12":0,"13":0,"14":0,"15":0,"16":0,"17":0,"18":0,"19":0,"20":0,"21":0,"22":0,"23":0,"24":0,"25":0,"26":0,"27":0,"28":0,"29":0,"30":0,"31":0,"32":0,"33":0,"34":0,"35":0,"36":5,"37":0,"38":0,"39":0,"40":5},"f":{"0":0,"1":0,"2":0,"3":0,"4":0},"b":{"0":[0,0],"1":[0,0],"2":[0,0],"3":[0,0],"4":[0,0],"5":[0,0],"6":[0,0],"7":[0,0],"8":[0,0],"9":[0,0],"10":[0,0],"11":[0,0],"12":[0,0],"13":[0,0],"14":[0,0],"15":[0,0]}}
,"C:\\Users\\tarni\\Desktop\\Web_Projects\\gallop\\packages\\gallop\\src\\index.ts": {"path":"C:\\Users\\tarni\\Desktop\\Web_Projects\\gallop\\packages\\gallop\\src\\index.ts","statementMap":{"0":{"start":{"line":1,"column":0},"end":{"line":1,"column":9}},"1":{"start":{"line":1,"column":9},"end":{"line":1,"column":30}},"2":{"start":{"line":2,"column":0},"end":{"line":2,"column":9}},"3":{"start":{"line":2,"column":9},"end":{"line":2,"column":33}},"4":{"start":{"line":3,"column":0},"end":{"line":3,"column":9}},"5":{"start":{"line":3,"column":9},"end":{"line":3,"column":20}},"6":{"start":{"line":3,"column":20},"end":{"line":3,"column":57}},"7":{"start":{"line":4,"column":0},"end":{"line":4,"column":9}},"8":{"start":{"line":4,"column":9},"end":{"line":4,"column":24}},"9":{"start":{"line":4,"column":24},"end":{"line":4,"column":50}},"10":{"start":{"line":5,"column":0},"end":{"line":5,"column":9}},"11":{"start":{"line":5,"column":9},"end":{"line":5,"column":19}},"12":{"start":{"line":5,"column":19},"end":{"line":5,"column":45}}},"fnMap":{},"branchMap":{},"s":{"0":4,"1":4,"2":4,"3":4,"4":4,"5":4,"6":4,"7":4,"8":4,"9":4,"10":4,"11":4,"12":4},"f":{},"b":{}}
,"C:\\Users\\tarni\\Desktop\\Web_Projects\\gallop\\packages\\gallop\\src\\is.ts": {"path":"C:\\Users\\tarni\\Desktop\\Web_Projects\\gallop\\packages\\gallop\\src\\is.ts","statementMap":{"0":{"start":{"line":1,"column":0},"end":{"line":1,"column":33}},"1":{"start":{"line":2,"column":0},"end":{"line":2,"column":37}},"2":{"start":{"line":6,"column":2},"end":{"line":6,"column":null}},"3":{"start":{"line":5,"column":0},"end":{"line":5,"column":16}},"4":{"start":{"line":10,"column":2},"end":{"line":10,"column":null}},"5":{"start":{"line":9,"column":0},"end":{"line":9,"column":16}},"6":{"start":{"line":14,"column":2},"end":{"line":17,"column":null}},"7":{"start":{"line":13,"column":0},"end":{"line":13,"column":16}}},"fnMap":{"0":{"name":"isMarker","decl":{"start":{"line":5,"column":16},"end":{"line":5,"column":24}},"loc":{"start":{"line":5,"column":37},"end":{"line":7,"column":1}}},"1":{"name":"isProxy","decl":{"start":{"line":9,"column":16},"end":{"line":9,"column":23}},"loc":{"start":{"line":9,"column":36},"end":{"line":11,"column":1}}},"2":{"name":"isPrimitive","decl":{"start":{"line":13,"column":16},"end":{"line":13,"column":27}},"loc":{"start":{"line":13,"column":42},"end":{"line":18,"column":1}}}},"branchMap":{"0":{"loc":{"start":{"line":10,"column":62},"end":{"line":10,"column":66}},"type":"cond-expr","locations":[{"start":{"line":10,"column":62},"end":{"line":10,"column":66}},{"start":{"line":10,"column":66},"end":{"line":10,"column":71}}]},"1":{"loc":{"start":{"line":10,"column":2},"end":{"line":10,"column":66}},"type":"binary-expr","locations":[{"start":{"line":10,"column":2},"end":{"line":10,"column":66}},{"start":{"line":10,"column":62},"end":{"line":10,"column":66}}]},"2":{"loc":{"start":{"line":10,"column":10},"end":{"line":10,"column":31}},"type":"binary-expr","locations":[{"start":{"line":10,"column":10},"end":{"line":10,"column":31}},{"start":{"line":10,"column":35},"end":{"line":10,"column":61}}]},"3":{"loc":{"start":{"line":15,"column":4},"end":{"line":15,"column":18}},"type":"binary-expr","locations":[{"start":{"line":15,"column":4},"end":{"line":15,"column":18}},{"start":{"line":16,"column":4},"end":{"line":16,"column":63}}]},"4":{"loc":{"start":{"line":16,"column":6},"end":{"line":16,"column":31}},"type":"binary-expr","locations":[{"start":{"line":16,"column":6},"end":{"line":16,"column":31}},{"start":{"line":16,"column":35},"end":{"line":16,"column":62}}]}},"s":{"0":7,"1":7,"2":7,"3":7,"4":19,"5":7,"6":4,"7":7},"f":{"0":7,"1":19,"2":4},"b":{"0":[5,14],"1":[19,19],"2":[19,18],"3":[4,4],"4":[4,3]}}
,"C:\\Users\\tarni\\Desktop\\Web_Projects\\gallop\\packages\\gallop\\src\\marker.ts": {"path":"C:\\Users\\tarni\\Desktop\\Web_Projects\\gallop\\packages\\gallop\\src\\marker.ts","statementMap":{"0":{"start":{"line":1,"column":13},"end":{"line":1,"column":null}},"1":{"start":{"line":3,"column":13},"end":{"line":3,"column":null}}},"fnMap":{},"branchMap":{},"s":{"0":7,"1":7},"f":{},"b":{}}
,"C:\\Users\\tarni\\Desktop\\Web_Projects\\gallop\\packages\\gallop\\src\\parse.ts": {"path":"C:\\Users\\tarni\\Desktop\\Web_Projects\\gallop\\packages\\gallop\\src\\parse.ts","statementMap":{"0":{"start":{"line":1,"column":0},"end":{"line":1,"column":36}},"1":{"start":{"line":4,"column":2},"end":{"line":4,"column":null}},"2":{"start":{"line":3,"column":0},"end":{"line":3,"column":16}}},"fnMap":{"0":{"name":"html","decl":{"start":{"line":3,"column":16},"end":{"line":3,"column":20}},"loc":{"start":{"line":3,"column":67},"end":{"line":5,"column":1}}}},"branchMap":{},"s":{"0":5,"1":5,"2":5},"f":{"0":5},"b":{}}
,"C:\\Users\\tarni\\Desktop\\Web_Projects\\gallop\\packages\\gallop\\src\\part.ts": {"path":"C:\\Users\\tarni\\Desktop\\Web_Projects\\gallop\\packages\\gallop\\src\\part.ts","statementMap":{"0":{"start":{"line":1,"column":0},"end":{"line":1,"column":79}},"1":{"start":{"line":2,"column":0},"end":{"line":2,"column":68}},"2":{"start":{"line":3,"column":0},"end":{"line":3,"column":null}},"3":{"start":{"line":9,"column":0},"end":{"line":9,"column":46}},"4":{"start":{"line":10,"column":0},"end":{"line":10,"column":35}},"5":{"start":{"line":11,"column":0},"end":{"line":11,"column":34}},"6":{"start":{"line":21,"column":18},"end":{"line":21,"column":28}},"7":{"start":{"line":25,"column":2},"end":{"line":25,"column":null}},"8":{"start":{"line":30,"column":4},"end":{"line":30,"column":null}},"9":{"start":{"line":31,"column":4},"end":{"line":31,"column":null}},"10":{"start":{"line":32,"column":4},"end":{"line":32,"column":null}},"11":{"start":{"line":36,"column":4},"end":{"line":42,"column":null}},"12":{"start":{"line":38,"column":6},"end":{"line":38,"column":12}},"13":{"start":{"line":40,"column":6},"end":{"line":40,"column":null}},"14":{"start":{"line":41,"column":6},"end":{"line":41,"column":null}},"15":{"start":{"line":23,"column":0},"end":{"line":23,"column":22}},"16":{"start":{"line":124,"column":2},"end":{"line":124,"column":null}},"17":{"start":{"line":50,"column":4},"end":{"line":50,"column":null}},"18":{"start":{"line":51,"column":35},"end":{"line":51,"column":48}},"19":{"start":{"line":52,"column":19},"end":{"line":52,"column":40}},"20":{"start":{"line":53,"column":4},"end":{"line":53,"column":null}},"21":{"start":{"line":59,"column":4},"end":{"line":59,"column":null}},"22":{"start":{"line":60,"column":4},"end":{"line":63,"column":null}},"23":{"start":{"line":64,"column":4},"end":{"line":64,"column":null}},"24":{"start":{"line":68,"column":4},"end":{"line":77,"column":null}},"25":{"start":{"line":69,"column":22},"end":{"line":69,"column":40}},"26":{"start":{"line":70,"column":6},"end":{"line":76,"column":null}},"27":{"start":{"line":71,"column":24},"end":{"line":71,"column":42}},"28":{"start":{"line":72,"column":8},"end":{"line":72,"column":null}},"29":{"start":{"line":73,"column":8},"end":{"line":73,"column":14}},"30":{"start":{"line":75,"column":8},"end":{"line":75,"column":null}},"31":{"start":{"line":78,"column":35},"end":{"line":78,"column":48}},"32":{"start":{"line":79,"column":19},"end":{"line":79,"column":40}},"33":{"start":{"line":80,"column":4},"end":{"line":80,"column":null}},"34":{"start":{"line":81,"column":17},"end":{"line":81,"column":39}},"35":{"start":{"line":82,"column":4},"end":{"line":82,"column":null}},"36":{"start":{"line":83,"column":4},"end":{"line":83,"column":null}},"37":{"start":{"line":84,"column":4},"end":{"line":84,"column":null}},"38":{"start":{"line":89,"column":4},"end":{"line":89,"column":null}},"39":{"start":{"line":90,"column":18},"end":{"line":90,"column":40}},"40":{"start":{"line":91,"column":4},"end":{"line":99,"column":null}},"41":{"start":{"line":92,"column":6},"end":{"line":98,"column":null}},"42":{"start":{"line":93,"column":21},"end":{"line":93,"column":41}},"43":{"start":{"line":94,"column":8},"end":{"line":94,"column":null}},"44":{"start":{"line":95,"column":8},"end":{"line":95,"column":null}},"45":{"start":{"line":97,"column":8},"end":{"line":97,"column":null}},"46":{"start":{"line":100,"column":4},"end":{"line":100,"column":null}},"47":{"start":{"line":101,"column":4},"end":{"line":101,"column":null}},"48":{"start":{"line":106,"column":4},"end":{"line":118,"column":null}},"49":{"start":{"line":107,"column":6},"end":{"line":107,"column":null}},"50":{"start":{"line":108,"column":6},"end":{"line":108,"column":null}},"51":{"start":{"line":109,"column":11},"end":{"line":118,"column":null}},"52":{"start":{"line":110,"column":6},"end":{"line":110,"column":null}},"53":{"start":{"line":111,"column":6},"end":{"line":111,"column":null}},"54":{"start":{"line":112,"column":11},"end":{"line":118,"column":null}},"55":{"start":{"line":113,"column":6},"end":{"line":113,"column":null}},"56":{"start":{"line":114,"column":6},"end":{"line":114,"column":null}},"57":{"start":{"line":116,"column":6},"end":{"line":116,"column":null}},"58":{"start":{"line":117,"column":6},"end":{"line":117,"column":null}},"59":{"start":{"line":119,"column":4},"end":{"line":119,"column":null}},"60":{"start":{"line":48,"column":0},"end":{"line":48,"column":13}},"61":{"start":{"line":151,"column":4},"end":{"line":151,"column":null}},"62":{"start":{"line":152,"column":24},"end":{"line":152,"column":64}},"63":{"start":{"line":153,"column":4},"end":{"line":155,"column":null}},"64":{"start":{"line":154,"column":6},"end":{"line":154,"column":null}},"65":{"start":{"line":130,"column":4},"end":{"line":130,"column":null}},"66":{"start":{"line":133,"column":27},"end":{"line":133,"column":40}},"67":{"start":{"line":135,"column":11},"end":{"line":135,"column":30}},"68":{"start":{"line":136,"column":4},"end":{"line":140,"column":null}},"69":{"start":{"line":137,"column":6},"end":{"line":137,"column":null}},"70":{"start":{"line":139,"column":6},"end":{"line":139,"column":null}},"71":{"start":{"line":141,"column":4},"end":{"line":146,"column":null}},"72":{"start":{"line":142,"column":6},"end":{"line":144,"column":null}},"73":{"start":{"line":143,"column":8},"end":{"line":143,"column":null}},"74":{"start":{"line":145,"column":6},"end":{"line":145,"column":12}},"75":{"start":{"line":147,"column":4},"end":{"line":147,"column":null}},"76":{"start":{"line":128,"column":0},"end":{"line":128,"column":13}},"77":{"start":{"line":205,"column":4},"end":{"line":205,"column":null}},"78":{"start":{"line":215,"column":2},"end":{"line":215,"column":null}},"79":{"start":{"line":206,"column":21},"end":{"line":206,"column":34}},"80":{"start":{"line":207,"column":33},"end":{"line":207,"column":48}},"81":{"start":{"line":208,"column":4},"end":{"line":208,"column":null}},"82":{"start":{"line":209,"column":4},"end":{"line":209,"column":null}},"83":{"start":{"line":167,"column":4},"end":{"line":169,"column":null}},"84":{"start":{"line":168,"column":6},"end":{"line":168,"column":null}},"85":{"start":{"line":170,"column":4},"end":{"line":170,"column":null}},"86":{"start":{"line":174,"column":4},"end":{"line":174,"column":null}},"87":{"start":{"line":175,"column":21},"end":{"line":175,"column":34}},"88":{"start":{"line":176,"column":4},"end":{"line":179,"column":null}},"89":{"start":{"line":177,"column":15},"end":{"line":177,"column":38}},"90":{"start":{"line":178,"column":6},"end":{"line":178,"column":null}},"91":{"start":{"line":184,"column":4},"end":{"line":188,"column":null}},"92":{"start":{"line":185,"column":6},"end":{"line":185,"column":null}},"93":{"start":{"line":185,"column":28},"end":{"line":185,"column":40}},"94":{"start":{"line":187,"column":6},"end":{"line":187,"column":null}},"95":{"start":{"line":189,"column":4},"end":{"line":194,"column":null}},"96":{"start":{"line":190,"column":6},"end":{"line":192,"column":null}},"97":{"start":{"line":191,"column":8},"end":{"line":191,"column":38}},"98":{"start":{"line":193,"column":6},"end":{"line":193,"column":null}},"99":{"start":{"line":198,"column":4},"end":{"line":201,"column":null}},"100":{"start":{"line":165,"column":0},"end":{"line":165,"column":13}},"101":{"start":{"line":229,"column":4},"end":{"line":229,"column":null}},"102":{"start":{"line":221,"column":4},"end":{"line":221,"column":null}},"103":{"start":{"line":224,"column":27},"end":{"line":224,"column":40}},"104":{"start":{"line":225,"column":4},"end":{"line":225,"column":null}},"105":{"start":{"line":219,"column":0},"end":{"line":219,"column":13}}},"fnMap":{"0":{"name":"(anonymous_0)","decl":{"start":{"line":29,"column":2},"end":{"line":29,"column":14}},"loc":{"start":{"line":29,"column":67},"end":{"line":33,"column":3}}},"1":{"name":"(anonymous_1)","decl":{"start":{"line":35,"column":2},"end":{"line":35,"column":10}},"loc":{"start":{"line":35,"column":23},"end":{"line":43,"column":3}}},"2":{"name":"(anonymous_2)","decl":{"start":{"line":48,"column":0},"end":{"line":48,"column":13}},"loc":{"start":{"line":48,"column":0},"end":{"line":126,"column":1}}},"3":{"name":"(anonymous_3)","decl":{"start":{"line":49,"column":2},"end":{"line":49,"column":7}},"loc":{"start":{"line":49,"column":7},"end":{"line":54,"column":3}}},"4":{"name":"(anonymous_4)","decl":{"start":{"line":56,"column":2},"end":{"line":56,"column":8}},"loc":{"start":{"line":56,"column":8},"end":{"line":56,"column":19}}},"5":{"name":"(anonymous_5)","decl":{"start":{"line":58,"column":2},"end":{"line":58,"column":12}},"loc":{"start":{"line":58,"column":41},"end":{"line":65,"column":3}}},"6":{"name":"(anonymous_6)","decl":{"start":{"line":67,"column":2},"end":{"line":67,"column":12}},"loc":{"start":{"line":67,"column":43},"end":{"line":85,"column":3}}},"7":{"name":"(anonymous_7)","decl":{"start":{"line":87,"column":2},"end":{"line":87,"column":14}},"loc":{"start":{"line":87,"column":44},"end":{"line":102,"column":3}}},"8":{"name":"(anonymous_8)","decl":{"start":{"line":91,"column":16},"end":{"line":91,"column":17}},"loc":{"start":{"line":91,"column":22},"end":{"line":99,"column":5}}},"9":{"name":"(anonymous_9)","decl":{"start":{"line":104,"column":2},"end":{"line":104,"column":10}},"loc":{"start":{"line":104,"column":23},"end":{"line":120,"column":3}}},"10":{"name":"(anonymous_10)","decl":{"start":{"line":150,"column":2},"end":{"line":150,"column":14}},"loc":{"start":{"line":150,"column":56},"end":{"line":156,"column":3}}},"11":{"name":"(anonymous_11)","decl":{"start":{"line":129,"column":2},"end":{"line":129,"column":7}},"loc":{"start":{"line":129,"column":7},"end":{"line":131,"column":3}}},"12":{"name":"(anonymous_12)","decl":{"start":{"line":132,"column":2},"end":{"line":132,"column":8}},"loc":{"start":{"line":132,"column":8},"end":{"line":148,"column":3}}},"13":{"name":"(anonymous_13)","decl":{"start":{"line":204,"column":2},"end":{"line":204,"column":14}},"loc":{"start":{"line":204,"column":56},"end":{"line":210,"column":3}}},"14":{"name":"(anonymous_14)","decl":{"start":{"line":166,"column":2},"end":{"line":166,"column":7}},"loc":{"start":{"line":166,"column":7},"end":{"line":171,"column":3}}},"15":{"name":"(anonymous_15)","decl":{"start":{"line":167,"column":28},"end":{"line":167,"column":29}},"loc":{"start":{"line":167,"column":36},"end":{"line":169,"column":5}}},"16":{"name":"(anonymous_16)","decl":{"start":{"line":173,"column":2},"end":{"line":173,"column":8}},"loc":{"start":{"line":173,"column":8},"end":{"line":180,"column":3}}},"17":{"name":"(anonymous_17)","decl":{"start":{"line":176,"column":23},"end":{"line":176,"column":24}},"loc":{"start":{"line":176,"column":29},"end":{"line":179,"column":5}}},"18":{"name":"(anonymous_18)","decl":{"start":{"line":182,"column":2},"end":{"line":182,"column":10}},"loc":{"start":{"line":182,"column":47},"end":{"line":195,"column":3}}},"19":{"name":"(anonymous_19)","decl":{"start":{"line":185,"column":21},"end":{"line":185,"column":22}},"loc":{"start":{"line":185,"column":28},"end":{"line":185,"column":40}}},"20":{"name":"(anonymous_20)","decl":{"start":{"line":190,"column":58},"end":{"line":190,"column":59}},"loc":{"start":{"line":191,"column":8},"end":{"line":191,"column":38}}},"21":{"name":"(anonymous_21)","decl":{"start":{"line":197,"column":2},"end":{"line":197,"column":17}},"loc":{"start":{"line":197,"column":34},"end":{"line":202,"column":3}}},"22":{"name":"(anonymous_22)","decl":{"start":{"line":228,"column":2},"end":{"line":228,"column":14}},"loc":{"start":{"line":228,"column":51},"end":{"line":230,"column":3}}},"23":{"name":"(anonymous_23)","decl":{"start":{"line":220,"column":2},"end":{"line":220,"column":7}},"loc":{"start":{"line":220,"column":7},"end":{"line":222,"column":3}}},"24":{"name":"(anonymous_24)","decl":{"start":{"line":223,"column":2},"end":{"line":223,"column":8}},"loc":{"start":{"line":223,"column":8},"end":{"line":226,"column":3}}}},"branchMap":{"0":{"loc":{"start":{"line":36,"column":4},"end":{"line":42,"column":null}},"type":"if","locations":[{"start":{"line":36,"column":4},"end":{"line":42,"column":null}},{"start":{"line":36,"column":4},"end":{"line":42,"column":null}}]},"1":{"loc":{"start":{"line":61,"column":18},"end":{"line":61,"column":20}},"type":"cond-expr","locations":[{"start":{"line":61,"column":18},"end":{"line":61,"column":20}},{"start":{"line":61,"column":15},"end":{"line":61,"column":31}}]},"2":{"loc":{"start":{"line":61,"column":15},"end":{"line":61,"column":20}},"type":"binary-expr","locations":[{"start":{"line":61,"column":15},"end":{"line":61,"column":20}},{"start":{"line":61,"column":15},"end":{"line":61,"column":20}}]},"3":{"loc":{"start":{"line":68,"column":4},"end":{"line":77,"column":null}},"type":"if","locations":[{"start":{"line":68,"column":4},"end":{"line":77,"column":null}},{"start":{"line":68,"column":4},"end":{"line":77,"column":null}}]},"4":{"loc":{"start":{"line":70,"column":6},"end":{"line":76,"column":null}},"type":"if","locations":[{"start":{"line":70,"column":6},"end":{"line":76,"column":null}},{"start":{"line":70,"column":6},"end":{"line":76,"column":null}}]},"5":{"loc":{"start":{"line":92,"column":6},"end":{"line":98,"column":null}},"type":"if","locations":[{"start":{"line":92,"column":6},"end":{"line":98,"column":null}},{"start":{"line":92,"column":6},"end":{"line":98,"column":null}}]},"6":{"loc":{"start":{"line":106,"column":4},"end":{"line":118,"column":null}},"type":"if","locations":[{"start":{"line":106,"column":4},"end":{"line":118,"column":null}},{"start":{"line":106,"column":4},"end":{"line":118,"column":null}}]},"7":{"loc":{"start":{"line":109,"column":11},"end":{"line":118,"column":null}},"type":"if","locations":[{"start":{"line":109,"column":11},"end":{"line":118,"column":null}},{"start":{"line":109,"column":11},"end":{"line":118,"column":null}}]},"8":{"loc":{"start":{"line":112,"column":11},"end":{"line":118,"column":null}},"type":"if","locations":[{"start":{"line":112,"column":11},"end":{"line":118,"column":null}},{"start":{"line":112,"column":11},"end":{"line":118,"column":null}}]},"9":{"loc":{"start":{"line":114,"column":6},"end":{"line":114,"column":24}},"type":"binary-expr","locations":[{"start":{"line":114,"column":6},"end":{"line":114,"column":24}},{"start":{"line":114,"column":28},"end":{"line":114,"column":60}}]},"10":{"loc":{"start":{"line":114,"column":50},"end":{"line":114,"column":53}},"type":"cond-expr","locations":[{"start":{"line":114,"column":50},"end":{"line":114,"column":53}},{"start":{"line":114,"column":57},"end":{"line":114,"column":59}}]},"11":{"loc":{"start":{"line":114,"column":50},"end":{"line":114,"column":57}},"type":"binary-expr","locations":[{"start":{"line":114,"column":50},"end":{"line":114,"column":57}},{"start":{"line":114,"column":50},"end":{"line":114,"column":57}}]},"12":{"loc":{"start":{"line":117,"column":6},"end":{"line":117,"column":24}},"type":"binary-expr","locations":[{"start":{"line":117,"column":6},"end":{"line":117,"column":24}},{"start":{"line":117,"column":28},"end":{"line":117,"column":70}}]},"13":{"loc":{"start":{"line":153,"column":4},"end":{"line":155,"column":null}},"type":"if","locations":[{"start":{"line":153,"column":4},"end":{"line":155,"column":null}},{"start":{"line":153,"column":4},"end":{"line":155,"column":null}}]},"14":{"loc":{"start":{"line":135,"column":24},"end":{"line":135,"column":28}},"type":"cond-expr","locations":[{"start":{"line":135,"column":24},"end":{"line":135,"column":28}},{"start":{"line":135,"column":28},"end":{"line":135,"column":30}}]},"15":{"loc":{"start":{"line":135,"column":11},"end":{"line":135,"column":28}},"type":"binary-expr","locations":[{"start":{"line":135,"column":11},"end":{"line":135,"column":28}},{"start":{"line":135,"column":24},"end":{"line":135,"column":28}}]},"16":{"loc":{"start":{"line":136,"column":4},"end":{"line":140,"column":null}},"type":"if","locations":[{"start":{"line":136,"column":4},"end":{"line":140,"column":null}},{"start":{"line":136,"column":4},"end":{"line":140,"column":null}}]},"17":{"loc":{"start":{"line":137,"column":30},"end":{"line":137,"column":34}},"type":"cond-expr","locations":[{"start":{"line":137,"column":30},"end":{"line":137,"column":34}},{"start":{"line":137,"column":34},"end":{"line":137,"column":36}}]},"18":{"loc":{"start":{"line":137,"column":15},"end":{"line":137,"column":34}},"type":"binary-expr","locations":[{"start":{"line":137,"column":15},"end":{"line":137,"column":34}},{"start":{"line":137,"column":30},"end":{"line":137,"column":34}}]},"19":{"loc":{"start":{"line":137,"column":57},"end":{"line":137,"column":60}},"type":"cond-expr","locations":[{"start":{"line":137,"column":57},"end":{"line":137,"column":60}},{"start":{"line":137,"column":63},"end":{"line":137,"column":65}}]},"20":{"loc":{"start":{"line":141,"column":4},"end":{"line":146,"column":null}},"type":"if","locations":[{"start":{"line":141,"column":4},"end":{"line":146,"column":null}},{"start":{"line":141,"column":4},"end":{"line":146,"column":null}}]},"21":{"loc":{"start":{"line":142,"column":6},"end":{"line":144,"column":null}},"type":"if","locations":[{"start":{"line":142,"column":6},"end":{"line":144,"column":null}},{"start":{"line":142,"column":6},"end":{"line":144,"column":null}}]},"22":{"loc":{"start":{"line":184,"column":4},"end":{"line":188,"column":null}},"type":"if","locations":[{"start":{"line":184,"column":4},"end":{"line":188,"column":null}},{"start":{"line":184,"column":4},"end":{"line":188,"column":null}}]},"23":{"loc":{"start":{"line":189,"column":4},"end":{"line":194,"column":null}},"type":"if","locations":[{"start":{"line":189,"column":4},"end":{"line":194,"column":null}},{"start":{"line":189,"column":4},"end":{"line":194,"column":null}}]},"24":{"loc":{"start":{"line":190,"column":41},"end":{"line":190,"column":44}},"type":"cond-expr","locations":[{"start":{"line":190,"column":41},"end":{"line":190,"column":44}},{"start":{"line":190,"column":47},"end":{"line":190,"column":52}}]},"25":{"loc":{"start":{"line":199,"column":39},"end":{"line":199,"column":null}},"type":"cond-expr","locations":[{"start":{"line":199,"column":39},"end":{"line":199,"column":null}},{"start":{"line":200,"column":6},"end":{"line":200,"column":61}}]},"26":{"loc":{"start":{"line":198,"column":11},"end":{"line":199,"column":null}},"type":"binary-expr","locations":[{"start":{"line":198,"column":11},"end":{"line":199,"column":null}},{"start":{"line":199,"column":39},"end":{"line":199,"column":null}}]}},"s":{"0":5,"1":5,"2":5,"3":5,"4":5,"5":5,"6":5,"7":1,"8":1,"9":1,"10":1,"11":1,"12":0,"13":1,"14":1,"15":5,"16":0,"17":0,"18":0,"19":0,"20":0,"21":0,"22":0,"23":0,"24":0,"25":0,"26":0,"27":0,"28":0,"29":0,"30":0,"31":0,"32":0,"33":0,"34":0,"35":0,"36":0,"37":0,"38":0,"39":0,"40":0,"41":0,"42":0,"43":0,"44":0,"45":0,"46":0,"47":0,"48":0,"49":0,"50":0,"51":0,"52":0,"53":0,"54":0,"55":0,"56":0,"57":0,"58":0,"59":0,"60":5,"61":0,"62":0,"63":0,"64":0,"65":0,"66":0,"67":0,"68":0,"69":0,"70":0,"71":0,"72":0,"73":0,"74":0,"75":0,"76":5,"77":0,"78":0,"79":0,"80":0,"81":0,"82":0,"83":0,"84":0,"85":0,"86":0,"87":0,"88":0,"89":0,"90":0,"91":0,"92":0,"93":0,"94":0,"95":0,"96":0,"97":0,"98":0,"99":0,"100":5,"101":1,"102":0,"103":1,"104":1,"105":5},"f":{"0":1,"1":1,"2":0,"3":0,"4":0,"5":0,"6":0,"7":0,"8":0,"9":0,"10":0,"11":0,"12":0,"13":0,"14":0,"15":0,"16":0,"17":0,"18":0,"19":0,"20":0,"21":0,"22":1,"23":0,"24":1},"b":{"0":[0,1],"1":[0,0],"2":[0,0],"3":[0,0],"4":[0,0],"5":[0,0],"6":[0,0],"7":[0,0],"8":[0,0],"9":[0,0],"10":[0,0],"11":[0,0],"12":[0,0],"13":[0,0],"14":[0,0],"15":[0,0],"16":[0,0],"17":[0,0],"18":[0,0],"19":[0,0],"20":[0,0],"21":[0,0],"22":[0,0],"23":[0,0],"24":[0,0],"25":[0,0],"26":[0,0]}}
,"C:\\Users\\tarni\\Desktop\\Web_Projects\\gallop\\packages\\gallop\\src\\reactive.ts": {"path":"C:\\Users\\tarni\\Desktop\\Web_Projects\\gallop\\packages\\gallop\\src\\reactive.ts","statementMap":{"0":{"start":{"line":1,"column":0},"end":{"line":1,"column":38}},"1":{"start":{"line":2,"column":0},"end":{"line":2,"column":30}},"2":{"start":{"line":3,"column":0},"end":{"line":3,"column":42}},"3":{"start":{"line":5,"column":13},"end":{"line":5,"column":null}},"4":{"start":{"line":6,"column":13},"end":{"line":6,"column":null}},"5":{"start":{"line":8,"column":13},"end":{"line":51,"column":null}},"6":{"start":{"line":23,"column":2},"end":{"line":51,"column":4}},"7":{"start":{"line":25,"column":6},"end":{"line":29,"column":null}},"8":{"start":{"line":26,"column":8},"end":{"line":28,"column":null}},"9":{"start":{"line":27,"column":10},"end":{"line":27,"column":null}},"10":{"start":{"line":30,"column":23},"end":{"line":30,"column":68}},"11":{"start":{"line":31,"column":6},"end":{"line":31,"column":null}},"12":{"start":{"line":32,"column":16},"end":{"line":32,"column":56}},"13":{"start":{"line":33,"column":6},"end":{"line":33,"column":null}},"14":{"start":{"line":34,"column":6},"end":{"line":34,"column":null}},"15":{"start":{"line":37,"column":6},"end":{"line":39,"column":null}},"16":{"start":{"line":38,"column":8},"end":{"line":38,"column":null}},"17":{"start":{"line":40,"column":6},"end":{"line":42,"column":null}},"18":{"start":{"line":41,"column":8},"end":{"line":41,"column":null}},"19":{"start":{"line":43,"column":6},"end":{"line":43,"column":44}},"20":{"start":{"line":44,"column":18},"end":{"line":44,"column":52}},"21":{"start":{"line":45,"column":6},"end":{"line":49,"column":null}}},"fnMap":{"0":{"name":"(anonymous_0)","decl":{"start":{"line":8,"column":27},"end":{"line":8,"column":null}},"loc":{"start":{"line":23,"column":2},"end":{"line":51,"column":4}}},"1":{"name":"(anonymous_1)","decl":{"start":{"line":24,"column":9},"end":{"line":24,"column":10}},"loc":{"start":{"line":24,"column":41},"end":{"line":35,"column":5}}},"2":{"name":"(anonymous_2)","decl":{"start":{"line":36,"column":9},"end":{"line":36,"column":10}},"loc":{"start":{"line":36,"column":35},"end":{"line":50,"column":5}}}},"branchMap":{"0":{"loc":{"start":{"line":21,"column":18},"end":{"line":21,"column":23}},"type":"default-arg","locations":[{"start":{"line":21,"column":18},"end":{"line":21,"column":23}}]},"1":{"loc":{"start":{"line":25,"column":6},"end":{"line":29,"column":null}},"type":"if","locations":[{"start":{"line":25,"column":6},"end":{"line":29,"column":null}},{"start":{"line":25,"column":6},"end":{"line":29,"column":null}}]},"2":{"loc":{"start":{"line":26,"column":8},"end":{"line":28,"column":null}},"type":"if","locations":[{"start":{"line":26,"column":8},"end":{"line":28,"column":null}},{"start":{"line":26,"column":8},"end":{"line":28,"column":null}}]},"3":{"loc":{"start":{"line":33,"column":6},"end":{"line":33,"column":16}},"type":"binary-expr","locations":[{"start":{"line":33,"column":6},"end":{"line":33,"column":16}},{"start":{"line":33,"column":20},"end":{"line":33,"column":64}}]},"4":{"loc":{"start":{"line":33,"column":33},"end":{"line":33,"column":36}},"type":"cond-expr","locations":[{"start":{"line":33,"column":33},"end":{"line":33,"column":36}},{"start":{"line":33,"column":20},"end":{"line":33,"column":64}}]},"5":{"loc":{"start":{"line":33,"column":20},"end":{"line":33,"column":36}},"type":"binary-expr","locations":[{"start":{"line":33,"column":20},"end":{"line":33,"column":36}},{"start":{"line":33,"column":20},"end":{"line":33,"column":36}}]},"6":{"loc":{"start":{"line":37,"column":6},"end":{"line":39,"column":null}},"type":"if","locations":[{"start":{"line":37,"column":6},"end":{"line":39,"column":null}},{"start":{"line":37,"column":6},"end":{"line":39,"column":null}}]},"7":{"loc":{"start":{"line":40,"column":6},"end":{"line":42,"column":null}},"type":"if","locations":[{"start":{"line":40,"column":6},"end":{"line":42,"column":null}},{"start":{"line":40,"column":6},"end":{"line":42,"column":null}}]},"8":{"loc":{"start":{"line":41,"column":47},"end":{"line":41,"column":51}},"type":"cond-expr","locations":[{"start":{"line":41,"column":47},"end":{"line":41,"column":51}},{"start":{"line":41,"column":51},"end":{"line":41,"column":56}}]},"9":{"loc":{"start":{"line":41,"column":8},"end":{"line":41,"column":51}},"type":"binary-expr","locations":[{"start":{"line":41,"column":8},"end":{"line":41,"column":51}},{"start":{"line":41,"column":47},"end":{"line":41,"column":51}}]},"10":{"loc":{"start":{"line":43,"column":19},"end":{"line":43,"column":22}},"type":"cond-expr","locations":[{"start":{"line":43,"column":19},"end":{"line":43,"column":22}},{"start":{"line":43,"column":6},"end":{"line":43,"column":44}}]},"11":{"loc":{"start":{"line":43,"column":6},"end":{"line":43,"column":22}},"type":"binary-expr","locations":[{"start":{"line":43,"column":6},"end":{"line":43,"column":22}},{"start":{"line":43,"column":6},"end":{"line":43,"column":22}}]},"12":{"loc":{"start":{"line":48,"column":10},"end":{"line":48,"column":62}},"type":"cond-expr","locations":[{"start":{"line":48,"column":10},"end":{"line":48,"column":62}},{"start":{"line":49,"column":10},"end":{"line":49,"column":13}}]},"13":{"loc":{"start":{"line":45,"column":13},"end":{"line":45,"column":34}},"type":"binary-expr","locations":[{"start":{"line":45,"column":13},"end":{"line":45,"column":34}},{"start":{"line":46,"column":8},"end":{"line":46,"column":34}},{"start":{"line":47,"column":8},"end":{"line":47,"column":21}}]}},"s":{"0":7,"1":7,"2":7,"3":7,"4":7,"5":7,"6":17,"7":7,"8":1,"9":1,"10":6,"11":6,"12":6,"13":6,"14":6,"15":27,"16":4,"17":23,"18":10,"19":13,"20":13,"21":13},"f":{"0":17,"1":7,"2":27},"b":{"0":[4],"1":[1,6],"2":[1,0],"3":[6,4],"4":[3,1],"5":[4,4],"6":[4,23],"7":[10,13],"8":[6,4],"9":[10,10],"10":[13,0],"11":[13,13],"12":[12,1],"13":[13,12,12]}}
,"C:\\Users\\tarni\\Desktop\\Web_Projects\\gallop\\packages\\gallop\\src\\render.ts": {"path":"C:\\Users\\tarni\\Desktop\\Web_Projects\\gallop\\packages\\gallop\\src\\render.ts","statementMap":{"0":{"start":{"line":1,"column":0},"end":{"line":1,"column":61}},"1":{"start":{"line":8,"column":15},"end":{"line":8,"column":41}},"2":{"start":{"line":9,"column":2},"end":{"line":9,"column":null}},"3":{"start":{"line":10,"column":2},"end":{"line":10,"column":null}},"4":{"start":{"line":3,"column":0},"end":{"line":3,"column":16}}},"fnMap":{"0":{"name":"render","decl":{"start":{"line":3,"column":16},"end":{"line":3,"column":22}},"loc":{"start":{"line":6,"column":44},"end":{"line":11,"column":1}}}},"branchMap":{"0":{"loc":{"start":{"line":5,"column":36},"end":{"line":5,"column":49}},"type":"default-arg","locations":[{"start":{"line":5,"column":36},"end":{"line":5,"column":49}}]},"1":{"loc":{"start":{"line":6,"column":24},"end":{"line":6,"column":44}},"type":"default-arg","locations":[{"start":{"line":6,"column":24},"end":{"line":6,"column":44}}]}},"s":{"0":4,"1":3,"2":3,"3":3,"4":4},"f":{"0":3},"b":{"0":[2],"1":[2]}}
,"C:\\Users\\tarni\\Desktop\\Web_Projects\\gallop\\packages\\gallop\\src\\utils.ts": {"path":"C:\\Users\\tarni\\Desktop\\Web_Projects\\gallop\\packages\\gallop\\src\\utils.ts","statementMap":{"0":{"start":{"line":1,"column":0},"end":{"line":1,"column":31}},"1":{"start":{"line":13,"column":2},"end":{"line":13,"column":null}},"2":{"start":{"line":12,"column":0},"end":{"line":12,"column":16}},"3":{"start":{"line":17,"column":2},"end":{"line":17,"column":null}},"4":{"start":{"line":16,"column":0},"end":{"line":16,"column":16}},"5":{"start":{"line":21,"column":2},"end":{"line":21,"column":null}},"6":{"start":{"line":21,"column":41},"end":{"line":21,"column":null}},"7":{"start":{"line":22,"column":2},"end":{"line":22,"column":null}},"8":{"start":{"line":22,"column":31},"end":{"line":22,"column":null}},"9":{"start":{"line":23,"column":2},"end":{"line":23,"column":null}},"10":{"start":{"line":20,"column":0},"end":{"line":20,"column":16}},"11":{"start":{"line":32,"column":2},"end":{"line":51,"column":null}},"12":{"start":{"line":34,"column":6},"end":{"line":34,"column":null}},"13":{"start":{"line":35,"column":6},"end":{"line":35,"column":11}},"14":{"start":{"line":37,"column":6},"end":{"line":37,"column":null}},"15":{"start":{"line":38,"column":6},"end":{"line":38,"column":11}},"16":{"start":{"line":40,"column":6},"end":{"line":40,"column":null}},"17":{"start":{"line":41,"column":6},"end":{"line":41,"column":11}},"18":{"start":{"line":43,"column":6},"end":{"line":43,"column":null}},"19":{"start":{"line":44,"column":6},"end":{"line":44,"column":11}},"20":{"start":{"line":46,"column":6},"end":{"line":46,"column":null}},"21":{"start":{"line":47,"column":6},"end":{"line":47,"column":11}},"22":{"start":{"line":49,"column":6},"end":{"line":49,"column":null}},"23":{"start":{"line":50,"column":6},"end":{"line":50,"column":11}},"24":{"start":{"line":52,"column":19},"end":{"line":52,"column":39}},"25":{"start":{"line":53,"column":2},"end":{"line":55,"column":null}},"26":{"start":{"line":54,"column":4},"end":{"line":54,"column":null}},"27":{"start":{"line":57,"column":14},"end":{"line":57,"column":17}},"28":{"start":{"line":58,"column":2},"end":{"line":77,"column":null}},"29":{"start":{"line":58,"column":15},"end":{"line":58,"column":29}},"30":{"start":{"line":59,"column":4},"end":{"line":63,"column":null}},"31":{"start":{"line":60,"column":6},"end":{"line":60,"column":null}},"32":{"start":{"line":61,"column":11},"end":{"line":63,"column":null}},"33":{"start":{"line":62,"column":6},"end":{"line":62,"column":null}},"34":{"start":{"line":65,"column":4},"end":{"line":76,"column":null}},"35":{"start":{"line":66,"column":6},"end":{"line":66,"column":null}},"36":{"start":{"line":67,"column":6},"end":{"line":75,"column":null}},"37":{"start":{"line":78,"column":2},"end":{"line":78,"column":null}},"38":{"start":{"line":26,"column":0},"end":{"line":26,"column":16}},"39":{"start":{"line":82,"column":2},"end":{"line":82,"column":null}},"40":{"start":{"line":81,"column":0},"end":{"line":81,"column":16}},"41":{"start":{"line":86,"column":2},"end":{"line":101,"column":null}},"42":{"start":{"line":88,"column":6},"end":{"line":88,"column":null}},"43":{"start":{"line":90,"column":6},"end":{"line":90,"column":null}},"44":{"start":{"line":92,"column":6},"end":{"line":92,"column":null}},"45":{"start":{"line":94,"column":6},"end":{"line":94,"column":null}},"46":{"start":{"line":96,"column":6},"end":{"line":96,"column":null}},"47":{"start":{"line":98,"column":6},"end":{"line":98,"column":null}},"48":{"start":{"line":100,"column":6},"end":{"line":100,"column":null}},"49":{"start":{"line":85,"column":0},"end":{"line":85,"column":16}},"50":{"start":{"line":105,"column":21},"end":{"line":105,"column":70}},"51":{"start":{"line":106,"column":14},"end":{"line":106,"column":55}},"52":{"start":{"line":107,"column":12},"end":{"line":107,"column":14}},"53":{"start":{"line":108,"column":13},"end":{"line":108,"column":15}},"54":{"start":{"line":109,"column":16},"end":{"line":109,"column":20}},"55":{"start":{"line":110,"column":19},"end":{"line":110,"column":21}},"56":{"start":{"line":112,"column":2},"end":{"line":139,"column":null}},"57":{"start":{"line":112,"column":15},"end":{"line":112,"column":16}},"58":{"start":{"line":113,"column":22},"end":{"line":113,"column":41}},"59":{"start":{"line":114,"column":16},"end":{"line":114,"column":22}},"60":{"start":{"line":116,"column":4},"end":{"line":123,"column":null}},"61":{"start":{"line":117,"column":6},"end":{"line":117,"column":null}},"62":{"start":{"line":118,"column":6},"end":{"line":118,"column":14}},"63":{"start":{"line":119,"column":11},"end":{"line":123,"column":null}},"64":{"start":{"line":122,"column":6},"end":{"line":122,"column":null}},"65":{"start":{"line":125,"column":4},"end":{"line":138,"column":null}},"66":{"start":{"line":126,"column":6},"end":{"line":129,"column":null}},"67":{"start":{"line":127,"column":8},"end":{"line":127,"column":null}},"68":{"start":{"line":128,"column":8},"end":{"line":128,"column":16}},"69":{"start":{"line":130,"column":6},"end":{"line":137,"column":null}},"70":{"start":{"line":131,"column":8},"end":{"line":131,"column":null}},"71":{"start":{"line":132,"column":8},"end":{"line":136,"column":null}},"72":{"start":{"line":133,"column":10},"end":{"line":133,"column":null}},"73":{"start":{"line":134,"column":10},"end":{"line":134,"column":null}},"74":{"start":{"line":135,"column":10},"end":{"line":135,"column":null}},"75":{"start":{"line":140,"column":2},"end":{"line":140,"column":null}},"76":{"start":{"line":104,"column":0},"end":{"line":104,"column":16}},"77":{"start":{"line":144,"column":2},"end":{"line":149,"column":null}},"78":{"start":{"line":145,"column":19},"end":{"line":145,"column":61}},"79":{"start":{"line":147,"column":6},"end":{"line":147,"column":null}},"80":{"start":{"line":148,"column":6},"end":{"line":148,"column":null}},"81":{"start":{"line":143,"column":0},"end":{"line":143,"column":16}},"82":{"start":{"line":152,"column":11},"end":{"line":152,"column":20}},"83":{"start":{"line":154,"column":2},"end":{"line":154,"column":null}},"84":{"start":{"line":158,"column":2},"end":{"line":158,"column":null}},"85":{"start":{"line":158,"column":22},"end":{"line":158,"column":null}},"86":{"start":{"line":159,"column":2},"end":{"line":166,"column":null}},"87":{"start":{"line":165,"column":4},"end":{"line":165,"column":null}},"88":{"start":{"line":168,"column":16},"end":{"line":168,"column":26}},"89":{"start":{"line":169,"column":16},"end":{"line":169,"column":26}},"90":{"start":{"line":171,"column":2},"end":{"line":171,"column":null}},"91":{"start":{"line":171,"column":37},"end":{"line":171,"column":null}},"92":{"start":{"line":173,"column":2},"end":{"line":177,"column":null}},"93":{"start":{"line":173,"column":15},"end":{"line":173,"column":16}},"94":{"start":{"line":174,"column":4},"end":{"line":176,"column":null}},"95":{"start":{"line":175,"column":6},"end":{"line":175,"column":null}},"96":{"start":{"line":178,"column":2},"end":{"line":178,"column":null}},"97":{"start":{"line":157,"column":0},"end":{"line":157,"column":16}},"98":{"start":{"line":182,"column":2},"end":{"line":184,"column":null}},"99":{"start":{"line":183,"column":4},"end":{"line":183,"column":null}},"100":{"start":{"line":185,"column":2},"end":{"line":185,"column":null}},"101":{"start":{"line":181,"column":0},"end":{"line":181,"column":16}}},"fnMap":{"0":{"name":"createTreeWalker","decl":{"start":{"line":12,"column":16},"end":{"line":12,"column":32}},"loc":{"start":{"line":12,"column":43},"end":{"line":14,"column":1}}},"1":{"name":"tryParseToNumber","decl":{"start":{"line":16,"column":16},"end":{"line":16,"column":32}},"loc":{"start":{"line":16,"column":47},"end":{"line":18,"column":1}}},"2":{"name":"tryParseToString","decl":{"start":{"line":20,"column":16},"end":{"line":20,"column":32}},"loc":{"start":{"line":20,"column":45},"end":{"line":24,"column":1}}},"3":{"name":"digStringBlock","decl":{"start":{"line":26,"column":16},"end":{"line":26,"column":30}},"loc":{"start":{"line":29,"column":22},"end":{"line":79,"column":1}}},"4":{"name":"lastOf","decl":{"start":{"line":81,"column":16},"end":{"line":81,"column":22}},"loc":{"start":{"line":81,"column":34},"end":{"line":83,"column":1}}},"5":{"name":"isMatchedSymbol","decl":{"start":{"line":85,"column":16},"end":{"line":85,"column":31}},"loc":{"start":{"line":85,"column":71},"end":{"line":102,"column":1}}},"6":{"name":"getFuncArgNames","decl":{"start":{"line":104,"column":16},"end":{"line":104,"column":31}},"loc":{"start":{"line":104,"column":46},"end":{"line":141,"column":1}}},"7":{"name":"extractProps","decl":{"start":{"line":143,"column":16},"end":{"line":143,"column":28}},"loc":{"start":{"line":143,"column":47},"end":{"line":150,"column":1}}},"8":{"name":"(anonymous_8)","decl":{"start":{"line":145,"column":12},"end":{"line":145,"column":13}},"loc":{"start":{"line":145,"column":19},"end":{"line":145,"column":61}}},"9":{"name":"(anonymous_9)","decl":{"start":{"line":146,"column":12},"end":{"line":146,"column":13}},"loc":{"start":{"line":146,"column":37},"end":{"line":149,"column":5}}},"10":{"name":"keys","decl":{"start":{"line":153,"column":9},"end":{"line":153,"column":13}},"loc":{"start":{"line":153,"column":23},"end":{"line":155,"column":1}}},"11":{"name":"shallowEqual","decl":{"start":{"line":157,"column":16},"end":{"line":157,"column":28}},"loc":{"start":{"line":157,"column":57},"end":{"line":179,"column":1}}},"12":{"name":"twoStrArrayCompare","decl":{"start":{"line":181,"column":16},"end":{"line":181,"column":34}},"loc":{"start":{"line":181,"column":65},"end":{"line":186,"column":1}}}},"branchMap":{"0":{"loc":{"start":{"line":17,"column":30},"end":{"line":17,"column":33}},"type":"cond-expr","locations":[{"start":{"line":17,"column":30},"end":{"line":17,"column":33}},{"start":{"line":17,"column":36},"end":{"line":17,"column":47}}]},"1":{"loc":{"start":{"line":21,"column":2},"end":{"line":21,"column":null}},"type":"if","locations":[{"start":{"line":21,"column":2},"end":{"line":21,"column":null}},{"start":{"line":21,"column":2},"end":{"line":21,"column":null}}]},"2":{"loc":{"start":{"line":21,"column":6},"end":{"line":21,"column":18}},"type":"binary-expr","locations":[{"start":{"line":21,"column":6},"end":{"line":21,"column":18}},{"start":{"line":21,"column":22},"end":{"line":21,"column":39}}]},"3":{"loc":{"start":{"line":22,"column":2},"end":{"line":22,"column":null}},"type":"if","locations":[{"start":{"line":22,"column":2},"end":{"line":22,"column":null}},{"start":{"line":22,"column":2},"end":{"line":22,"column":null}}]},"4":{"loc":{"start":{"line":28,"column":44},"end":{"line":28,"column":47}},"type":"default-arg","locations":[{"start":{"line":28,"column":44},"end":{"line":28,"column":47}}]},"5":{"loc":{"start":{"line":29,"column":18},"end":{"line":29,"column":22}},"type":"default-arg","locations":[{"start":{"line":29,"column":18},"end":{"line":29,"column":22}}]},"6":{"loc":{"start":{"line":33,"column":4},"end":{"line":35,"column":11}},"type":"switch","locations":[{"start":{"line":33,"column":4},"end":{"line":35,"column":11}},{"start":{"line":36,"column":4},"end":{"line":38,"column":11}},{"start":{"line":39,"column":4},"end":{"line":41,"column":11}},{"start":{"line":42,"column":4},"end":{"line":44,"column":11}},{"start":{"line":45,"column":4},"end":{"line":47,"column":11}},{"start":{"line":48,"column":4},"end":{"line":50,"column":11}}]},"7":{"loc":{"start":{"line":53,"column":2},"end":{"line":55,"column":null}},"type":"if","locations":[{"start":{"line":53,"column":2},"end":{"line":55,"column":null}},{"start":{"line":53,"column":2},"end":{"line":55,"column":null}}]},"8":{"loc":{"start":{"line":59,"column":4},"end":{"line":63,"column":null}},"type":"if","locations":[{"start":{"line":59,"column":4},"end":{"line":63,"column":null}},{"start":{"line":59,"column":4},"end":{"line":63,"column":null}}]},"9":{"loc":{"start":{"line":61,"column":11},"end":{"line":63,"column":null}},"type":"if","locations":[{"start":{"line":61,"column":11},"end":{"line":63,"column":null}},{"start":{"line":61,"column":11},"end":{"line":63,"column":null}}]},"10":{"loc":{"start":{"line":65,"column":4},"end":{"line":76,"column":null}},"type":"if","locations":[{"start":{"line":65,"column":4},"end":{"line":76,"column":null}},{"start":{"line":65,"column":4},"end":{"line":76,"column":null}}]},"11":{"loc":{"start":{"line":70,"column":19},"end":{"line":70,"column":29}},"type":"cond-expr","locations":[{"start":{"line":70,"column":19},"end":{"line":70,"column":29}},{"start":{"line":70,"column":32},"end":{"line":70,"column":46}}]},"12":{"loc":{"start":{"line":71,"column":19},"end":{"line":71,"column":31}},"type":"cond-expr","locations":[{"start":{"line":71,"column":19},"end":{"line":71,"column":31}},{"start":{"line":71,"column":34},"end":{"line":71,"column":42}}]},"13":{"loc":{"start":{"line":87,"column":4},"end":{"line":88,"column":null}},"type":"switch","locations":[{"start":{"line":87,"column":4},"end":{"line":88,"column":null}},{"start":{"line":89,"column":4},"end":{"line":90,"column":null}},{"start":{"line":91,"column":4},"end":{"line":92,"column":null}},{"start":{"line":93,"column":4},"end":{"line":94,"column":null}},{"start":{"line":95,"column":4},"end":{"line":96,"column":null}},{"start":{"line":97,"column":4},"end":{"line":98,"column":null}},{"start":{"line":99,"column":4},"end":{"line":100,"column":null}}]},"14":{"loc":{"start":{"line":116,"column":4},"end":{"line":123,"column":null}},"type":"if","locations":[{"start":{"line":116,"column":4},"end":{"line":123,"column":null}},{"start":{"line":116,"column":4},"end":{"line":123,"column":null}}]},"15":{"loc":{"start":{"line":119,"column":11},"end":{"line":123,"column":null}},"type":"if","locations":[{"start":{"line":119,"column":11},"end":{"line":123,"column":null}},{"start":{"line":119,"column":11},"end":{"line":123,"column":null}}]},"16":{"loc":{"start":{"line":125,"column":4},"end":{"line":138,"column":null}},"type":"if","locations":[{"start":{"line":125,"column":4},"end":{"line":138,"column":null}},{"start":{"line":125,"column":4},"end":{"line":138,"column":null}}]},"17":{"loc":{"start":{"line":126,"column":6},"end":{"line":129,"column":null}},"type":"if","locations":[{"start":{"line":126,"column":6},"end":{"line":129,"column":null}},{"start":{"line":126,"column":6},"end":{"line":129,"column":null}}]},"18":{"loc":{"start":{"line":130,"column":6},"end":{"line":137,"column":null}},"type":"if","locations":[{"start":{"line":130,"column":6},"end":{"line":137,"column":null}},{"start":{"line":130,"column":6},"end":{"line":137,"column":null}}]},"19":{"loc":{"start":{"line":132,"column":8},"end":{"line":136,"column":null}},"type":"if","locations":[{"start":{"line":132,"column":8},"end":{"line":136,"column":null}},{"start":{"line":132,"column":8},"end":{"line":136,"column":null}}]},"20":{"loc":{"start":{"line":132,"column":12},"end":{"line":132,"column":43}},"type":"binary-expr","locations":[{"start":{"line":132,"column":12},"end":{"line":132,"column":43}},{"start":{"line":132,"column":47},"end":{"line":132,"column":67}}]},"21":{"loc":{"start":{"line":145,"column":19},"end":{"line":145,"column":39}},"type":"binary-expr","locations":[{"start":{"line":145,"column":19},"end":{"line":145,"column":39}},{"start":{"line":145,"column":43},"end":{"line":145,"column":61}}]},"22":{"loc":{"start":{"line":158,"column":2},"end":{"line":158,"column":null}},"type":"if","locations":[{"start":{"line":158,"column":2},"end":{"line":158,"column":null}},{"start":{"line":158,"column":2},"end":{"line":158,"column":null}}]},"23":{"loc":{"start":{"line":159,"column":2},"end":{"line":166,"column":null}},"type":"if","locations":[{"start":{"line":159,"column":2},"end":{"line":166,"column":null}},{"start":{"line":159,"column":2},"end":{"line":166,"column":null}}]},"24":{"loc":{"start":{"line":160,"column":4},"end":{"line":160,"column":28}},"type":"binary-expr","locations":[{"start":{"line":160,"column":4},"end":{"line":160,"column":28}},{"start":{"line":161,"column":4},"end":{"line":161,"column":17}},{"start":{"line":162,"column":4},"end":{"line":162,"column":28}},{"start":{"line":163,"column":4},"end":{"line":163,"column":17}}]},"25":{"loc":{"start":{"line":171,"column":2},"end":{"line":171,"column":null}},"type":"if","locations":[{"start":{"line":171,"column":2},"end":{"line":171,"column":null}},{"start":{"line":171,"column":2},"end":{"line":171,"column":null}}]},"26":{"loc":{"start":{"line":174,"column":4},"end":{"line":176,"column":null}},"type":"if","locations":[{"start":{"line":174,"column":4},"end":{"line":176,"column":null}},{"start":{"line":174,"column":4},"end":{"line":176,"column":null}}]},"27":{"loc":{"start":{"line":174,"column":8},"end":{"line":174,"column":27}},"type":"binary-expr","locations":[{"start":{"line":174,"column":8},"end":{"line":174,"column":27}},{"start":{"line":174,"column":31},"end":{"line":174,"column":66}}]},"28":{"loc":{"start":{"line":182,"column":2},"end":{"line":184,"column":null}},"type":"if","locations":[{"start":{"line":182,"column":2},"end":{"line":184,"column":null}},{"start":{"line":182,"column":2},"end":{"line":184,"column":null}}]}},"s":{"0":7,"1":3,"2":7,"3":3,"4":7,"5":0,"6":0,"7":0,"8":0,"9":0,"10":7,"11":5,"12":5,"13":5,"14":0,"15":0,"16":0,"17":0,"18":0,"19":0,"20":0,"21":0,"22":0,"23":0,"24":5,"25":5,"26":0,"27":5,"28":5,"29":5,"30":286,"31":0,"32":286,"33":5,"34":286,"35":5,"36":5,"37":0,"38":7,"39":125,"40":7,"41":125,"42":0,"43":5,"44":2,"45":0,"46":1,"47":6,"48":111,"49":7,"50":5,"51":5,"52":5,"53":5,"54":5,"55":5,"56":5,"57":5,"58":125,"59":125,"60":125,"61":9,"62":9,"63":116,"64":12,"65":116,"66":37,"67":4,"68":4,"69":33,"70":22,"71":22,"72":8,"73":8,"74":8,"75":5,"76":7,"77":2,"78":5,"79":3,"80":3,"81":7,"82":7,"83":16,"84":16,"85":3,"86":13,"87":5,"88":8,"89":8,"90":8,"91":0,"92":8,"93":8,"94":12,"95":4,"96":4,"97":7,"98":0,"99":0,"100":0,"101":7},"f":{"0":3,"1":3,"2":0,"3":5,"4":125,"5":125,"6":5,"7":2,"8":5,"9":3,"10":16,"11":16,"12":0},"b":{"0":[1,2],"1":[0,0],"2":[0,0],"3":[0,0],"4":[5],"5":[0],"6":[5,0,0,0,0,0],"7":[0,5],"8":[0,286],"9":[5,281],"10":[5,281],"11":[0,5],"12":[0,5],"13":[0,5,2,0,1,6,111],"14":[9,116],"15":[12,104],"16":[37,79],"17":[4,33],"18":[22,11],"19":[8,14],"20":[22,15],"21":[5,5],"22":[3,13],"23":[5,8],"24":[13,8,8,8],"25":[0,8],"26":[4,8],"27":[12,12],"28":[0,0]}}
}
