TN:
SF:packages\gallop\src\clip.ts
FN:21,createInstance
FN:29,getVals
FN:33,getShaHtml
FN:54,(anonymous_3)
FN:62,(anonymous_4)
FN:68,(anonymous_5)
FN:72,(anonymous_6)
FN:87,(anonymous_7)
FN:98,(anonymous_8)
FN:99,(anonymous_9)
FN:103,attachParts
FNF:11
FNH:9
FNDA:3,createInstance
FNDA:4,getVals
FNDA:5,getShaHtml
FNDA:5,(anonymous_3)
FNDA:5,(anonymous_4)
FNDA:0,(anonymous_5)
FNDA:0,(anonymous_6)
FNDA:3,(anonymous_7)
FNDA:3,(anonymous_8)
FNDA:1,(anonymous_9)
FNDA:3,attachParts
DA:1,5
DA:2,5
DA:4,5
DA:5,5
DA:6,5
DA:7,5
DA:8,5
DA:9,5
DA:11,5
DA:21,5
DA:22,3
DA:29,5
DA:30,4
DA:33,5
DA:34,5
DA:54,5
DA:55,5
DA:57,5
DA:63,5
DA:64,5
DA:65,5
DA:69,0
DA:70,0
DA:72,0
DA:73,0
DA:77,5
DA:78,3
DA:92,3
DA:93,3
DA:94,3
DA:95,3
DA:99,3
DA:104,3
DA:105,3
DA:106,3
DA:107,3
DA:108,1
DA:109,1
DA:111,1
DA:112,0
DA:115,1
DA:116,1
DA:117,1
DA:118,1
DA:119,2
DA:120,2
DA:121,2
DA:126,1
DA:127,1
DA:129,0
DA:135,0
DA:137,1
DA:138,1
DA:145,0
DA:147,1
DA:149,0
DA:155,0
DA:158,1
DA:161,0
DA:162,0
DA:163,0
DA:164,0
DA:165,0
DA:175,0
DA:176,0
LF:65
LH:48
BRDA:69,0,0,0
BRDA:69,0,1,0
BRDA:111,1,0,0
BRDA:111,1,1,1
BRDA:115,2,0,1
BRDA:115,2,1,0
BRDA:121,3,0,1
BRDA:121,3,1,1
BRDA:122,4,0,2
BRDA:122,4,1,2
BRDA:122,4,2,2
BRDA:122,4,3,1
BRDA:128,5,0,0
BRDA:128,5,1,1
BRDA:128,5,2,0
BRDA:137,6,0,1
BRDA:137,6,1,0
BRDA:161,7,0,0
BRDA:161,7,1,0
BRDA:162,8,0,0
BRDA:162,8,1,0
BRF:21
BRH:10
end_of_record
TN:
SF:packages\gallop\src\component.ts
FN:9,(anonymous_0)
FN:11,(anonymous_1)
FN:18,requestUpdate
FN:23,(anonymous_3)
FN:24,(anonymous_4)
FN:56,(anonymous_5)
FN:65,(anonymous_6)
FN:76,(anonymous_7)
FN:80,(anonymous_8)
FN:88,(anonymous_9)
FN:95,(anonymous_10)
FN:100,(anonymous_11)
FN:104,(anonymous_12)
FN:106,(anonymous_13)
FN:111,(anonymous_14)
FN:118,(anonymous_15)
FN:123,(anonymous_16)
FN:124,(anonymous_17)
FN:126,(anonymous_18)
FN:132,(anonymous_19)
FN:142,component
FN:158,(anonymous_21)
FN:161,(anonymous_22)
FN:170,verifyComponentName
FNF:24
FNH:10
FNDA:0,(anonymous_0)
FNDA:0,(anonymous_1)
FNDA:2,requestUpdate
FNDA:0,(anonymous_3)
FNDA:0,(anonymous_4)
FNDA:1,(anonymous_5)
FNDA:1,(anonymous_6)
FNDA:1,(anonymous_7)
FNDA:2,(anonymous_8)
FNDA:0,(anonymous_9)
FNDA:0,(anonymous_10)
FNDA:0,(anonymous_11)
FNDA:0,(anonymous_12)
FNDA:0,(anonymous_13)
FNDA:1,(anonymous_14)
FNDA:1,(anonymous_15)
FNDA:0,(anonymous_16)
FNDA:0,(anonymous_17)
FNDA:0,(anonymous_18)
FNDA:0,(anonymous_19)
FNDA:2,component
FNDA:0,(anonymous_21)
FNDA:1,(anonymous_22)
FNDA:7,verifyComponentName
DA:1,5
DA:2,5
DA:3,5
DA:4,5
DA:5,5
DA:9,5
DA:11,5
DA:12,0
DA:14,5
DA:16,5
DA:19,2
DA:20,1
DA:22,1
DA:23,1
DA:24,0
DA:25,0
DA:26,0
DA:27,0
DA:28,0
DA:30,0
DA:31,0
DA:37,5
DA:38,1
DA:42,1
DA:48,1
DA:54,1
DA:57,1
DA:58,1
DA:59,1
DA:60,1
DA:61,1
DA:66,1
DA:67,1
DA:68,1
DA:69,1
DA:70,1
DA:71,1
DA:72,1
DA:73,1
DA:76,1
DA:81,2
DA:82,1
DA:84,2
DA:85,2
DA:89,0
DA:90,0
DA:91,0
DA:93,0
DA:95,0
DA:96,0
DA:101,0
DA:102,0
DA:103,0
DA:104,0
DA:106,0
DA:107,0
DA:112,1
DA:113,1
DA:114,1
DA:119,1
DA:124,0
DA:126,0
DA:127,0
DA:129,0
DA:133,0
DA:134,0
DA:135,0
DA:136,0
DA:140,5
DA:142,5
DA:149,2
DA:150,1
DA:153,1
DA:154,0
DA:158,1
DA:160,1
DA:162,1
DA:166,1
DA:167,1
DA:170,5
DA:171,7
DA:172,7
LF:82
LH:53
BRDA:19,0,0,1
BRDA:19,0,1,1
BRDA:59,1,0,1
BRDA:59,1,1,0
BRDA:67,2,0,1
BRDA:67,2,1,0
BRDA:72,3,0,1
BRDA:72,3,1,0
BRDA:81,4,0,1
BRDA:81,4,1,1
BRDA:90,5,0,0
BRDA:90,5,1,0
BRDA:95,6,0,0
BRDA:95,6,1,0
BRDA:95,7,0,0
BRDA:95,7,1,0
BRDA:104,8,0,0
BRDA:104,8,1,0
BRDA:104,9,0,0
BRDA:104,9,1,0
BRDA:106,10,0,0
BRDA:106,10,1,0
BRDA:106,11,0,0
BRDA:106,11,1,0
BRDA:112,12,0,0
BRDA:112,12,1,1
BRDA:112,13,0,1
BRDA:112,13,1,1
BRDA:113,14,0,1
BRDA:113,14,1,0
BRDA:124,15,0,0
BRDA:124,15,1,0
BRDA:124,16,0,0
BRDA:124,16,1,0
BRDA:124,17,0,0
BRDA:124,17,1,0
BRDA:124,18,0,0
BRDA:124,18,1,0
BRDA:126,19,0,0
BRDA:126,19,1,0
BRDA:126,20,0,0
BRDA:126,20,1,0
BRDA:146,21,0,2
BRDA:149,22,0,1
BRDA:149,22,1,1
BRDA:153,23,0,0
BRDA:153,23,1,1
BRDA:158,24,0,1
BRDA:158,24,1,0
BRDA:158,25,0,1
BRDA:158,25,1,1
BRDA:172,26,0,7
BRDA:172,26,1,7
BRDA:172,26,2,4
BRF:54
BRH:21
end_of_record
TN:
SF:packages\gallop\src\context.ts
FN:11,(anonymous_0)
FN:13,(anonymous_1)
FN:16,(anonymous_2)
FN:20,(anonymous_3)
FN:24,(anonymous_4)
FN:28,(anonymous_5)
FN:29,(anonymous_6)
FN:35,createContext
FNF:8
FNH:2
FNDA:1,(anonymous_0)
FNDA:0,(anonymous_1)
FNDA:0,(anonymous_2)
FNDA:0,(anonymous_3)
FNDA:0,(anonymous_4)
FNDA:0,(anonymous_5)
FNDA:0,(anonymous_6)
FNDA:1,createContext
DA:2,4
DA:4,4
DA:7,1
DA:12,1
DA:13,1
DA:17,0
DA:21,0
DA:25,0
DA:29,0
DA:30,0
DA:35,4
DA:36,1
LF:12
LH:7
BRF:0
BRH:0
end_of_record
TN:
SF:packages\gallop\src\do.ts
FN:2,(anonymous_0)
FNF:1
FNH:1
FNDA:12,(anonymous_0)
DA:1,5
DA:3,12
LF:2
LH:2
BRF:0
BRH:0
end_of_record
TN:
SF:packages\gallop\src\dom.ts
FN:1,cleanDofStr
FN:10,insertAfter
FN:18,removeNodes
FNF:3
FNH:3
FNDA:6,cleanDofStr
FNDA:2,insertAfter
FNDA:2,removeNodes
DA:1,6
DA:2,6
DA:10,6
DA:15,2
DA:18,6
DA:23,2
DA:24,20
DA:25,20
DA:26,20
LF:9
LH:9
BRDA:15,0,0,0
BRDA:15,0,1,2
BRDA:15,1,0,2
BRDA:15,1,1,1
BRDA:15,2,0,1
BRDA:15,2,1,1
BRDA:15,3,0,2
BRDA:15,3,1,2
BRDA:21,4,0,1
BRF:9
BRH:8
end_of_record
TN:
SF:packages\gallop\src\error.ts
FN:1,(anonymous_0)
FN:6,(anonymous_1)
FN:11,(anonymous_2)
FN:16,(anonymous_3)
FNF:4
FNH:2
FNDA:1,(anonymous_0)
FNDA:0,(anonymous_1)
FNDA:1,(anonymous_2)
FNDA:0,(anonymous_3)
DA:1,7
DA:2,1
DA:6,7
DA:7,0
DA:11,7
DA:12,1
DA:16,7
DA:17,0
LF:8
LH:6
BRF:0
BRH:0
end_of_record
TN:
SF:packages\gallop\src\event.ts
FN:1,(anonymous_0)
FNF:1
FNH:1
FNDA:1,(anonymous_0)
DA:1,6
DA:4,1
LF:2
LH:2
BRF:0
BRH:0
end_of_record
TN:
SF:packages\gallop\src\hooks.ts
FN:6,useState
FN:10,(anonymous_1)
FN:18,useEffect
FN:65,resolveEffect
FN:66,(anonymous_4)
FNF:5
FNH:0
FNDA:0,useState
FNDA:0,(anonymous_1)
FNDA:0,useEffect
FNDA:0,resolveEffect
FNDA:0,(anonymous_4)
DA:1,5
DA:2,5
DA:3,5
DA:4,5
DA:6,5
DA:7,0
DA:8,0
DA:10,0
DA:18,5
DA:19,0
DA:21,0
DA:23,0
DA:24,0
DA:25,0
DA:27,0
DA:28,0
DA:29,0
DA:30,0
DA:32,0
DA:34,0
DA:35,0
DA:36,0
DA:37,0
DA:38,0
DA:39,0
DA:42,0
DA:43,0
DA:45,0
DA:46,0
DA:49,0
DA:50,0
DA:52,0
DA:55,0
DA:56,0
DA:58,0
DA:62,0
DA:65,5
DA:66,0
DA:67,0
DA:68,0
LF:40
LH:7
BRDA:9,0,0,0
BRDA:9,0,1,0
BRDA:23,1,0,0
BRDA:23,1,1,0
BRDA:24,2,0,0
BRDA:24,2,1,0
BRDA:28,3,0,0
BRDA:28,3,1,0
BRDA:29,4,0,0
BRDA:29,4,1,0
BRDA:37,5,0,0
BRDA:37,5,1,0
BRDA:38,6,0,0
BRDA:38,6,1,0
BRDA:42,7,0,0
BRDA:42,7,1,0
BRDA:45,8,0,0
BRDA:45,8,1,0
BRDA:49,9,0,0
BRDA:49,9,1,0
BRDA:55,10,0,0
BRDA:55,10,1,0
BRDA:57,11,0,0
BRDA:57,11,1,0
BRDA:56,12,0,0
BRDA:56,12,1,0
BRDA:69,13,0,0
BRDA:69,13,1,0
BRDA:70,14,0,0
BRDA:70,14,1,0
BRDA:69,15,0,0
BRDA:69,15,1,0
BRF:32
BRH:0
end_of_record
TN:
SF:packages\gallop\src\index.ts
FNF:0
FNH:0
DA:1,4
DA:2,4
DA:3,4
DA:4,4
DA:5,4
LF:5
LH:5
BRF:0
BRH:0
end_of_record
TN:
SF:packages\gallop\src\is.ts
FN:5,isMarker
FN:9,isProxy
FN:13,isPrimitive
FNF:3
FNH:3
FNDA:7,isMarker
FNDA:19,isProxy
FNDA:4,isPrimitive
DA:1,7
DA:2,7
DA:5,7
DA:6,7
DA:9,7
DA:10,19
DA:13,7
DA:14,4
LF:8
LH:8
BRDA:10,0,0,5
BRDA:10,0,1,14
BRDA:10,1,0,19
BRDA:10,1,1,19
BRDA:10,2,0,19
BRDA:10,2,1,18
BRDA:15,3,0,4
BRDA:15,3,1,4
BRDA:16,4,0,4
BRDA:16,4,1,3
BRF:10
BRH:10
end_of_record
TN:
SF:packages\gallop\src\marker.ts
FNF:0
FNH:0
DA:1,7
DA:3,7
LF:2
LH:2
BRF:0
BRH:0
end_of_record
TN:
SF:packages\gallop\src\parse.ts
FN:3,html
FNF:1
FNH:1
FNDA:5,html
DA:1,5
DA:3,5
DA:4,5
LF:3
LH:3
BRF:0
BRH:0
end_of_record
TN:
SF:packages\gallop\src\part.ts
FN:29,(anonymous_0)
FN:35,(anonymous_1)
FN:48,(anonymous_2)
FN:49,(anonymous_3)
FN:56,(anonymous_4)
FN:58,(anonymous_5)
FN:67,(anonymous_6)
FN:87,(anonymous_7)
FN:91,(anonymous_8)
FN:104,(anonymous_9)
FN:150,(anonymous_10)
FN:129,(anonymous_11)
FN:132,(anonymous_12)
FN:204,(anonymous_13)
FN:166,(anonymous_14)
FN:167,(anonymous_15)
FN:173,(anonymous_16)
FN:176,(anonymous_17)
FN:182,(anonymous_18)
FN:185,(anonymous_19)
FN:190,(anonymous_20)
FN:197,(anonymous_21)
FN:228,(anonymous_22)
FN:220,(anonymous_23)
FN:223,(anonymous_24)
FNF:25
FNH:4
FNDA:1,(anonymous_0)
FNDA:1,(anonymous_1)
FNDA:0,(anonymous_2)
FNDA:0,(anonymous_3)
FNDA:0,(anonymous_4)
FNDA:0,(anonymous_5)
FNDA:0,(anonymous_6)
FNDA:0,(anonymous_7)
FNDA:0,(anonymous_8)
FNDA:0,(anonymous_9)
FNDA:0,(anonymous_10)
FNDA:0,(anonymous_11)
FNDA:0,(anonymous_12)
FNDA:0,(anonymous_13)
FNDA:0,(anonymous_14)
FNDA:0,(anonymous_15)
FNDA:0,(anonymous_16)
FNDA:0,(anonymous_17)
FNDA:0,(anonymous_18)
FNDA:0,(anonymous_19)
FNDA:0,(anonymous_20)
FNDA:0,(anonymous_21)
FNDA:1,(anonymous_22)
FNDA:0,(anonymous_23)
FNDA:1,(anonymous_24)
DA:1,5
DA:2,5
DA:3,5
DA:9,5
DA:10,5
DA:11,5
DA:21,5
DA:23,5
DA:25,1
DA:30,1
DA:31,1
DA:32,1
DA:36,1
DA:38,0
DA:40,1
DA:41,1
DA:48,5
DA:50,0
DA:51,0
DA:52,0
DA:53,0
DA:59,0
DA:60,0
DA:64,0
DA:68,0
DA:69,0
DA:70,0
DA:71,0
DA:72,0
DA:73,0
DA:75,0
DA:78,0
DA:79,0
DA:80,0
DA:81,0
DA:82,0
DA:83,0
DA:84,0
DA:89,0
DA:90,0
DA:91,0
DA:92,0
DA:93,0
DA:94,0
DA:95,0
DA:97,0
DA:100,0
DA:101,0
DA:106,0
DA:107,0
DA:108,0
DA:109,0
DA:110,0
DA:111,0
DA:112,0
DA:113,0
DA:114,0
DA:116,0
DA:117,0
DA:119,0
DA:124,0
DA:128,5
DA:130,0
DA:133,0
DA:135,0
DA:136,0
DA:137,0
DA:139,0
DA:141,0
DA:142,0
DA:143,0
DA:145,0
DA:147,0
DA:151,0
DA:152,0
DA:153,0
DA:154,0
DA:165,5
DA:167,0
DA:168,0
DA:170,0
DA:174,0
DA:175,0
DA:176,0
DA:177,0
DA:178,0
DA:184,0
DA:185,0
DA:187,0
DA:189,0
DA:190,0
DA:191,0
DA:193,0
DA:198,0
DA:205,0
DA:206,0
DA:207,0
DA:208,0
DA:209,0
DA:215,0
DA:219,5
DA:221,0
DA:224,1
DA:225,1
DA:229,1
LF:105
LH:22
BRDA:36,0,0,0
BRDA:36,0,1,1
BRDA:61,1,0,0
BRDA:61,1,1,0
BRDA:61,2,0,0
BRDA:61,2,1,0
BRDA:68,3,0,0
BRDA:68,3,1,0
BRDA:70,4,0,0
BRDA:70,4,1,0
BRDA:92,5,0,0
BRDA:92,5,1,0
BRDA:106,6,0,0
BRDA:106,6,1,0
BRDA:109,7,0,0
BRDA:109,7,1,0
BRDA:112,8,0,0
BRDA:112,8,1,0
BRDA:114,9,0,0
BRDA:114,9,1,0
BRDA:114,10,0,0
BRDA:114,10,1,0
BRDA:114,11,0,0
BRDA:114,11,1,0
BRDA:117,12,0,0
BRDA:117,12,1,0
BRDA:153,13,0,0
BRDA:153,13,1,0
BRDA:135,14,0,0
BRDA:135,14,1,0
BRDA:135,15,0,0
BRDA:135,15,1,0
BRDA:136,16,0,0
BRDA:136,16,1,0
BRDA:137,17,0,0
BRDA:137,17,1,0
BRDA:137,18,0,0
BRDA:137,18,1,0
BRDA:137,19,0,0
BRDA:137,19,1,0
BRDA:141,20,0,0
BRDA:141,20,1,0
BRDA:142,21,0,0
BRDA:142,21,1,0
BRDA:184,22,0,0
BRDA:184,22,1,0
BRDA:189,23,0,0
BRDA:189,23,1,0
BRDA:190,24,0,0
BRDA:190,24,1,0
BRDA:199,25,0,0
BRDA:199,25,1,0
BRDA:198,26,0,0
BRDA:198,26,1,0
BRF:54
BRH:1
end_of_record
TN:
SF:packages\gallop\src\reactive.ts
FN:8,(anonymous_0)
FN:24,(anonymous_1)
FN:36,(anonymous_2)
FNF:3
FNH:3
FNDA:17,(anonymous_0)
FNDA:7,(anonymous_1)
FNDA:27,(anonymous_2)
DA:1,7
DA:2,7
DA:3,7
DA:5,7
DA:6,7
DA:8,7
DA:23,17
DA:25,7
DA:26,1
DA:27,1
DA:30,6
DA:31,6
DA:32,6
DA:33,6
DA:34,6
DA:37,27
DA:38,4
DA:40,23
DA:41,10
DA:43,13
DA:44,13
DA:45,13
LF:22
LH:22
BRDA:21,0,0,4
BRDA:25,1,0,1
BRDA:25,1,1,6
BRDA:26,2,0,1
BRDA:26,2,1,0
BRDA:33,3,0,6
BRDA:33,3,1,4
BRDA:33,4,0,3
BRDA:33,4,1,1
BRDA:33,5,0,4
BRDA:33,5,1,4
BRDA:37,6,0,4
BRDA:37,6,1,23
BRDA:40,7,0,10
BRDA:40,7,1,13
BRDA:41,8,0,6
BRDA:41,8,1,4
BRDA:41,9,0,10
BRDA:41,9,1,10
BRDA:43,10,0,13
BRDA:43,10,1,0
BRDA:43,11,0,13
BRDA:43,11,1,13
BRDA:48,12,0,12
BRDA:48,12,1,1
BRDA:45,13,0,13
BRDA:45,13,1,12
BRDA:45,13,2,12
BRF:28
BRH:26
end_of_record
TN:
SF:packages\gallop\src\render.ts
FN:3,render
FNF:1
FNH:1
FNDA:3,render
DA:1,4
DA:3,4
DA:8,3
DA:9,3
DA:10,3
LF:5
LH:5
BRDA:5,0,0,2
BRDA:6,1,0,2
BRF:2
BRH:2
end_of_record
TN:
SF:packages\gallop\src\utils.ts
FN:12,createTreeWalker
FN:16,tryParseToNumber
FN:20,tryParseToString
FN:26,digStringBlock
FN:81,lastOf
FN:85,isMatchedSymbol
FN:104,getFuncArgNames
FN:143,extractProps
FN:145,(anonymous_8)
FN:146,(anonymous_9)
FN:153,keys
FN:157,shallowEqual
FN:181,twoStrArrayCompare
FNF:13
FNH:11
FNDA:3,createTreeWalker
FNDA:3,tryParseToNumber
FNDA:0,tryParseToString
FNDA:5,digStringBlock
FNDA:125,lastOf
FNDA:125,isMatchedSymbol
FNDA:5,getFuncArgNames
FNDA:2,extractProps
FNDA:5,(anonymous_8)
FNDA:3,(anonymous_9)
FNDA:16,keys
FNDA:16,shallowEqual
FNDA:0,twoStrArrayCompare
DA:1,7
DA:12,7
DA:13,3
DA:16,7
DA:17,3
DA:20,7
DA:21,0
DA:22,0
DA:23,0
DA:26,7
DA:32,5
DA:34,5
DA:35,5
DA:37,0
DA:38,0
DA:40,0
DA:41,0
DA:43,0
DA:44,0
DA:46,0
DA:47,0
DA:49,0
DA:50,0
DA:52,5
DA:53,5
DA:54,0
DA:57,5
DA:58,5
DA:59,286
DA:60,0
DA:61,286
DA:62,5
DA:65,286
DA:66,5
DA:67,5
DA:78,0
DA:81,7
DA:82,125
DA:85,7
DA:86,125
DA:88,0
DA:90,5
DA:92,2
DA:94,0
DA:96,1
DA:98,6
DA:100,111
DA:104,7
DA:105,5
DA:106,5
DA:107,5
DA:108,5
DA:109,5
DA:110,5
DA:112,5
DA:113,125
DA:114,125
DA:116,125
DA:117,9
DA:118,9
DA:119,116
DA:122,12
DA:125,116
DA:126,37
DA:127,4
DA:128,4
DA:130,33
DA:131,22
DA:132,22
DA:133,8
DA:134,8
DA:135,8
DA:140,5
DA:143,7
DA:144,2
DA:145,5
DA:147,3
DA:148,3
DA:152,7
DA:154,16
DA:157,7
DA:158,16
DA:159,13
DA:165,5
DA:168,8
DA:169,8
DA:171,8
DA:173,8
DA:174,12
DA:175,4
DA:178,4
DA:181,7
DA:182,0
DA:183,0
DA:185,0
LF:95
LH:74
BRDA:17,0,0,1
BRDA:17,0,1,2
BRDA:21,1,0,0
BRDA:21,1,1,0
BRDA:21,2,0,0
BRDA:21,2,1,0
BRDA:22,3,0,0
BRDA:22,3,1,0
BRDA:28,4,0,5
BRDA:29,5,0,0
BRDA:33,6,0,5
BRDA:33,6,1,0
BRDA:33,6,2,0
BRDA:33,6,3,0
BRDA:33,6,4,0
BRDA:33,6,5,0
BRDA:53,7,0,0
BRDA:53,7,1,5
BRDA:59,8,0,0
BRDA:59,8,1,286
BRDA:61,9,0,5
BRDA:61,9,1,281
BRDA:65,10,0,5
BRDA:65,10,1,281
BRDA:70,11,0,0
BRDA:70,11,1,5
BRDA:71,12,0,0
BRDA:71,12,1,5
BRDA:87,13,0,0
BRDA:87,13,1,5
BRDA:87,13,2,2
BRDA:87,13,3,0
BRDA:87,13,4,1
BRDA:87,13,5,6
BRDA:87,13,6,111
BRDA:116,14,0,9
BRDA:116,14,1,116
BRDA:119,15,0,12
BRDA:119,15,1,104
BRDA:125,16,0,37
BRDA:125,16,1,79
BRDA:126,17,0,4
BRDA:126,17,1,33
BRDA:130,18,0,22
BRDA:130,18,1,11
BRDA:132,19,0,8
BRDA:132,19,1,14
BRDA:132,20,0,22
BRDA:132,20,1,15
BRDA:145,21,0,5
BRDA:145,21,1,5
BRDA:158,22,0,3
BRDA:158,22,1,13
BRDA:159,23,0,5
BRDA:159,23,1,8
BRDA:160,24,0,13
BRDA:160,24,1,8
BRDA:160,24,2,8
BRDA:160,24,3,8
BRDA:171,25,0,0
BRDA:171,25,1,8
BRDA:174,26,0,4
BRDA:174,26,1,8
BRDA:174,27,0,12
BRDA:174,27,1,12
BRDA:182,28,0,0
BRDA:182,28,1,0
BRF:67
BRH:46
end_of_record
